<?xml version="1.0" encoding="UTF-8" standalone="yes"?><!DOCTYPE report PUBLIC "-//JACOCO//DTD Report 1.1//EN" "report.dtd"><report name="Hospice PC Pricer API"><sessioninfo id="LAPTOP-KK31P3MS-94d6d3f0" start="1775952493615" dump="1775952503873"/><sessioninfo id="LAPTOP-KK31P3MS-fac4ff7d" start="1775953292231" dump="1775953293781"/><sessioninfo id="LAPTOP-KK31P3MS-d1e0669" start="1775953303670" dump="1775953305572"/><sessioninfo id="LAPTOP-KK31P3MS-a4afeb4b" start="1775953314909" dump="1775953326129"/><sessioninfo id="LAPTOP-KK31P3MS-389242c5" start="1775953362665" dump="1775953364984"/><sessioninfo id="LAPTOP-KK31P3MS-f311703a" start="1775953386960" dump="1775953399421"/><sessioninfo id="LAPTOP-KK31P3MS-1dc587be" start="1775953730221" dump="1775953738709"/><sessioninfo id="LAPTOP-KK31P3MS-95dbd5e2" start="1775953754092" dump="1775953766768"/><sessioninfo id="LAPTOP-KK31P3MS-a582d69c" start="1775953782344" dump="1775953793330"/><sessioninfo id="LAPTOP-KK31P3MS-adf3eaab" start="1775956942605" dump="1775956954218"/><sessioninfo id="LAPTOP-KK31P3MS-4b607e03" start="1775956998607" dump="1775957014248"/><sessioninfo id="LAPTOP-KK31P3MS-d0cf8263" start="1775957029392" dump="1775957044395"/><sessioninfo id="LAPTOP-KK31P3MS-4654a8de" start="1775957057035" dump="1775957069193"/><package name="com/cms/hospice/service"><class name="com/cms/hospice/service/ValidationService" sourcefilename="ValidationService.java"><method name="&lt;init&gt;" desc="()V" line="16"><counter type="INSTRUCTION" missed="0" covered="3"/><counter type="LINE" missed="0" covered="1"/><counter type="COMPLEXITY" missed="0" covered="1"/><counter type="METHOD" missed="0" covered="1"/></method><method name="validate" desc="(Lcom/cms/hospice/model/HospiceClaim;)Lcom/cms/hospice/model/PricingResult;" line="25"><counter type="INSTRUCTION" missed="0" covered="44"/><counter type="BRANCH" missed="0" covered="12"/><counter type="LINE" missed="0" covered="12"/><counter type="COMPLEXITY" missed="0" covered="7"/><counter type="METHOD" missed="0" covered="1"/></method><method name="isEmpty" desc="(Ljava/lang/String;)Z" line="52"><counter type="INSTRUCTION" missed="0" covered="9"/><counter type="BRANCH" missed="0" covered="4"/><counter type="LINE" missed="0" covered="1"/><counter type="COMPLEXITY" missed="0" covered="3"/><counter type="METHOD" missed="0" covered="1"/></method><method name="isPositive" desc="(Ljava/math/BigDecimal;)Z" line="56"><counter type="INSTRUCTION" missed="0" covered="10"/><counter type="BRANCH" missed="0" covered="4"/><counter type="LINE" missed="0" covered="1"/><counter type="COMPLEXITY" missed="0" covered="3"/><counter type="METHOD" missed="0" covered="1"/></method><counter type="INSTRUCTION" missed="0" covered="66"/><counter type="BRANCH" missed="0" covered="20"/><counter type="LINE" missed="0" covered="15"/><counter type="COMPLEXITY" missed="0" covered="14"/><counter type="METHOD" missed="0" covered="4"/><counter type="CLASS" missed="0" covered="1"/></class><class name="com/cms/hospice/service/DriverService" sourcefilename="DriverService.java"><method name="&lt;init&gt;" desc="(Lcom/cms/hospice/data/ProviderRepository;Lcom/cms/hospice/data/WageIndexRepository;Lcom/cms/hospice/service/ValidationService;Lcom/cms/hospice/service/FiscalYearRouter;)V" line="43"><counter type="INSTRUCTION" missed="0" covered="15"/><counter type="LINE" missed="0" covered="6"/><counter type="COMPLEXITY" missed="0" covered="1"/><counter type="METHOD" missed="0" covered="1"/></method><method name="price" desc="(Lcom/cms/hospice/model/HospiceClaim;)Lcom/cms/hospice/model/PricingResult;" line="59"><counter type="INSTRUCTION" missed="76" covered="116"/><counter type="BRANCH" missed="14" covered="8"/><counter type="LINE" missed="20" covered="27"/><counter type="COMPLEXITY" missed="11" covered="1"/><counter type="METHOD" missed="0" covered="1"/></method><method name="resolveProvCbsa" desc="(Lcom/cms/hospice/model/HospiceClaim;Lcom/cms/hospice/model/ProviderData;)Ljava/lang/String;" line="155"><counter type="INSTRUCTION" missed="3" covered="8"/><counter type="BRANCH" missed="1" covered="1"/><counter type="LINE" missed="1" covered="2"/><counter type="COMPLEXITY" missed="1" covered="1"/><counter type="METHOD" missed="0" covered="1"/></method><method name="computeFyBoundaries" desc="(Ljava/time/LocalDate;)[Ljava/time/LocalDate;" line="171"><counter type="INSTRUCTION" missed="19" covered="31"/><counter type="BRANCH" missed="2" covered="2"/><counter type="LINE" missed="3" covered="6"/><counter type="COMPLEXITY" missed="2" covered="1"/><counter type="METHOD" missed="0" covered="1"/></method><method name="&lt;clinit&gt;" desc="()V" line="27"><counter type="INSTRUCTION" missed="0" covered="14"/><counter type="LINE" missed="0" covered="3"/><counter type="COMPLEXITY" missed="0" covered="1"/><counter type="METHOD" missed="0" covered="1"/></method><counter type="INSTRUCTION" missed="98" covered="184"/><counter type="BRANCH" missed="17" covered="11"/><counter type="LINE" missed="24" covered="44"/><counter type="COMPLEXITY" missed="14" covered="5"/><counter type="METHOD" missed="0" covered="5"/><counter type="CLASS" missed="0" covered="1"/></class><class name="com/cms/hospice/service/FiscalYearRouter$FyEntry" sourcefilename="FiscalYearRouter.java"><method name="&lt;init&gt;" desc="(Ljava/lang/String;Lcom/cms/hospice/pricing/FiscalYearStrategy;Lcom/cms/hospice/model/FiscalYearRates;)V" line="133"><counter type="INSTRUCTION" missed="0" covered="12"/><counter type="LINE" missed="0" covered="1"/><counter type="COMPLEXITY" missed="0" covered="1"/><counter type="METHOD" missed="0" covered="1"/></method><counter type="INSTRUCTION" missed="0" covered="12"/><counter type="LINE" missed="0" covered="1"/><counter type="COMPLEXITY" missed="0" covered="1"/><counter type="METHOD" missed="0" covered="1"/><counter type="CLASS" missed="0" covered="1"/></class><class name="com/cms/hospice/service/FiscalYearRouter" sourcefilename="FiscalYearRouter.java"><method name="&lt;init&gt;" desc="(Lcom/cms/hospice/config/RateProvider;Lcom/cms/hospice/pricing/SimplePricerStrategy;Lcom/cms/hospice/pricing/TransitionPricerStrategy;Lcom/cms/hospice/pricing/ModernPricerStrategy;Lcom/cms/hospice/pricing/FullPricerStrategy;)V" line="38"><counter type="INSTRUCTION" missed="0" covered="23"/><counter type="LINE" missed="0" covered="8"/><counter type="COMPLEXITY" missed="0" covered="1"/><counter type="METHOD" missed="0" covered="1"/></method><method name="buildRouteMap" desc="()V" line="55"><counter type="INSTRUCTION" missed="0" covered="109"/><counter type="LINE" missed="0" covered="28"/><counter type="COMPLEXITY" missed="0" covered="1"/><counter type="METHOD" missed="0" covered="1"/></method><method name="resolve" desc="(Ljava/time/LocalDate;)Lcom/cms/hospice/service/FiscalYearRouter$FyEntry;" line="98"><counter type="INSTRUCTION" missed="0" covered="18"/><counter type="BRANCH" missed="0" covered="2"/><counter type="LINE" missed="0" covered="4"/><counter type="COMPLEXITY" missed="0" covered="2"/><counter type="METHOD" missed="0" covered="1"/></method><method name="addSimple" desc="(Ljava/lang/String;Ljava/lang/String;)V" line="109"><counter type="INSTRUCTION" missed="0" covered="17"/><counter type="LINE" missed="0" covered="3"/><counter type="COMPLEXITY" missed="0" covered="1"/><counter type="METHOD" missed="0" covered="1"/></method><method name="addTransition" desc="(Ljava/lang/String;Ljava/lang/String;)V" line="114"><counter type="INSTRUCTION" missed="0" covered="17"/><counter type="LINE" missed="0" covered="3"/><counter type="COMPLEXITY" missed="0" covered="1"/><counter type="METHOD" missed="0" covered="1"/></method><method name="addModern" desc="(Ljava/lang/String;Ljava/lang/String;)V" line="119"><counter type="INSTRUCTION" missed="0" covered="17"/><counter type="LINE" missed="0" covered="3"/><counter type="COMPLEXITY" missed="0" covered="1"/><counter type="METHOD" missed="0" covered="1"/></method><method name="addFull" desc="(Ljava/lang/String;Ljava/lang/String;)V" line="124"><counter type="INSTRUCTION" missed="0" covered="17"/><counter type="LINE" missed="0" covered="3"/><counter type="COMPLEXITY" missed="0" covered="1"/><counter type="METHOD" missed="0" covered="1"/></method><counter type="INSTRUCTION" missed="0" covered="218"/><counter type="BRANCH" missed="0" covered="2"/><counter type="LINE" missed="0" covered="52"/><counter type="COMPLEXITY" missed="0" covered="8"/><counter type="METHOD" missed="0" covered="7"/><counter type="CLASS" missed="0" covered="1"/></class><sourcefile name="ValidationService.java"><line nr="16" mi="0" ci="3" mb="0" cb="0"/><line nr="25" mi="0" ci="5" mb="0" cb="2"/><line nr="26" mi="0" ci="3" mb="0" cb="0"/><line nr="30" mi="0" ci="3" mb="0" cb="2"/><line nr="31" mi="0" ci="3" mb="0" cb="0"/><line nr="35" mi="0" ci="4" mb="0" cb="2"/><line nr="36" mi="0" ci="5" mb="0" cb="2"/><line nr="37" mi="0" ci="3" mb="0" cb="0"/><line nr="41" mi="0" ci="5" mb="0" cb="2"/><line nr="42" mi="0" ci="3" mb="0" cb="0"/><line nr="44" mi="0" ci="5" mb="0" cb="2"/><line nr="45" mi="0" ci="3" mb="0" cb="0"/><line nr="48" mi="0" ci="2" mb="0" cb="0"/><line nr="52" mi="0" ci="9" mb="0" cb="4"/><line nr="56" mi="0" ci="10" mb="0" cb="4"/><counter type="INSTRUCTION" missed="0" covered="66"/><counter type="BRANCH" missed="0" covered="20"/><counter type="LINE" missed="0" covered="15"/><counter type="COMPLEXITY" missed="0" covered="14"/><counter type="METHOD" missed="0" covered="4"/><counter type="CLASS" missed="0" covered="1"/></sourcefile><sourcefile name="FiscalYearRouter.java"><line nr="38" mi="0" ci="5" mb="0" cb="0"/><line nr="44" mi="0" ci="2" mb="0" cb="0"/><line nr="45" mi="0" ci="3" mb="0" cb="0"/><line nr="46" mi="0" ci="3" mb="0" cb="0"/><line nr="47" mi="0" ci="3" mb="0" cb="0"/><line nr="48" mi="0" ci="3" mb="0" cb="0"/><line nr="49" mi="0" ci="3" mb="0" cb="0"/><line nr="50" mi="0" ci="1" mb="0" cb="0"/><line nr="55" mi="0" ci="4" mb="0" cb="0"/><line nr="56" mi="0" ci="4" mb="0" cb="0"/><line nr="57" mi="0" ci="4" mb="0" cb="0"/><line nr="58" mi="0" ci="4" mb="0" cb="0"/><line nr="59" mi="0" ci="4" mb="0" cb="0"/><line nr="60" mi="0" ci="4" mb="0" cb="0"/><line nr="61" mi="0" ci="4" mb="0" cb="0"/><line nr="62" mi="0" ci="4" mb="0" cb="0"/><line nr="63" mi="0" ci="4" mb="0" cb="0"/><line nr="64" mi="0" ci="4" mb="0" cb="0"/><line nr="65" mi="0" ci="4" mb="0" cb="0"/><line nr="68" mi="0" ci="4" mb="0" cb="0"/><line nr="69" mi="0" ci="4" mb="0" cb="0"/><line nr="70" mi="0" ci="4" mb="0" cb="0"/><line nr="71" mi="0" ci="4" mb="0" cb="0"/><line nr="72" mi="0" ci="4" mb="0" cb="0"/><line nr="73" mi="0" ci="4" mb="0" cb="0"/><line nr="74" mi="0" ci="4" mb="0" cb="0"/><line nr="77" mi="0" ci="4" mb="0" cb="0"/><line nr="78" mi="0" ci="4" mb="0" cb="0"/><line nr="79" mi="0" ci="4" mb="0" cb="0"/><line nr="82" mi="0" ci="4" mb="0" cb="0"/><line nr="83" mi="0" ci="4" mb="0" cb="0"/><line nr="84" mi="0" ci="4" mb="0" cb="0"/><line nr="85" mi="0" ci="4" mb="0" cb="0"/><line nr="86" mi="0" ci="4" mb="0" cb="0"/><line nr="87" mi="0" ci="4" mb="0" cb="0"/><line nr="88" mi="0" ci="1" mb="0" cb="0"/><line nr="98" mi="0" ci="5" mb="0" cb="0"/><line nr="99" mi="0" ci="2" mb="0" cb="2"/><line nr="100" mi="0" ci="7" mb="0" cb="0"/><line nr="103" mi="0" ci="4" mb="0" cb="0"/><line nr="109" mi="0" ci="14" mb="0" cb="0"/><line nr="110" mi="0" ci="2" mb="0" cb="0"/><line nr="111" mi="0" ci="1" mb="0" cb="0"/><line nr="114" mi="0" ci="14" mb="0" cb="0"/><line nr="115" mi="0" ci="2" mb="0" cb="0"/><line nr="116" mi="0" ci="1" mb="0" cb="0"/><line nr="119" mi="0" ci="14" mb="0" cb="0"/><line nr="120" mi="0" ci="2" mb="0" cb="0"/><line nr="121" mi="0" ci="1" mb="0" cb="0"/><line nr="124" mi="0" ci="14" mb="0" cb="0"/><line nr="125" mi="0" ci="2" mb="0" cb="0"/><line nr="126" mi="0" ci="1" mb="0" cb="0"/><line nr="133" mi="0" ci="12" mb="0" cb="0"/><counter type="INSTRUCTION" missed="0" covered="230"/><counter type="BRANCH" missed="0" covered="2"/><counter type="LINE" missed="0" covered="53"/><counter type="COMPLEXITY" missed="0" covered="9"/><counter type="METHOD" missed="0" covered="8"/><counter type="CLASS" missed="0" covered="2"/></sourcefile><sourcefile name="DriverService.java"><line nr="27" mi="0" ci="3" mb="0" cb="0"/><line nr="30" mi="0" ci="5" mb="0" cb="0"/><line nr="33" mi="0" ci="6" mb="0" cb="0"/><line nr="43" mi="0" ci="2" mb="0" cb="0"/><line nr="44" mi="0" ci="3" mb="0" cb="0"/><line nr="45" mi="0" ci="3" mb="0" cb="0"/><line nr="46" mi="0" ci="3" mb="0" cb="0"/><line nr="47" mi="0" ci="3" mb="0" cb="0"/><line nr="48" mi="0" ci="1" mb="0" cb="0"/><line nr="59" mi="0" ci="3" mb="0" cb="0"/><line nr="60" mi="0" ci="2" mb="1" cb="1"/><line nr="61" mi="3" ci="0" mb="0" cb="0"/><line nr="65" mi="0" ci="5" mb="0" cb="0"/><line nr="66" mi="0" ci="2" mb="0" cb="0"/><line nr="68" mi="0" ci="3" mb="1" cb="1"/><line nr="69" mi="6" ci="0" mb="0" cb="0"/><line nr="70" mi="3" ci="0" mb="0" cb="0"/><line nr="72" mi="0" ci="4" mb="0" cb="0"/><line nr="76" mi="0" ci="4" mb="1" cb="1"/><line nr="77" mi="4" ci="7" mb="1" cb="1"/><line nr="78" mi="3" ci="0" mb="2" cb="0"/><line nr="79" mi="3" ci="0" mb="0" cb="0"/><line nr="83" mi="0" ci="3" mb="0" cb="0"/><line nr="84" mi="0" ci="4" mb="0" cb="0"/><line nr="85" mi="0" ci="4" mb="0" cb="0"/><line nr="91" mi="0" ci="6" mb="1" cb="1"/><line nr="93" mi="0" ci="5" mb="0" cb="0"/><line nr="94" mi="0" ci="3" mb="0" cb="0"/><line nr="96" mi="0" ci="8" mb="0" cb="0"/><line nr="98" mi="0" ci="3" mb="1" cb="1"/><line nr="99" mi="4" ci="0" mb="0" cb="0"/><line nr="100" mi="3" ci="0" mb="0" cb="0"/><line nr="102" mi="0" ci="4" mb="0" cb="0"/><line nr="104" mi="0" ci="8" mb="0" cb="0"/><line nr="106" mi="0" ci="3" mb="1" cb="1"/><line nr="107" mi="4" ci="0" mb="0" cb="0"/><line nr="108" mi="3" ci="0" mb="0" cb="0"/><line nr="110" mi="0" ci="4" mb="0" cb="0"/><line nr="112" mi="0" ci="1" mb="0" cb="0"/><line nr="114" mi="3" ci="0" mb="0" cb="0"/><line nr="117" mi="3" ci="0" mb="0" cb="0"/><line nr="119" mi="6" ci="0" mb="0" cb="0"/><line nr="120" mi="3" ci="0" mb="2" cb="0"/><line nr="121" mi="3" ci="0" mb="0" cb="0"/><line nr="123" mi="4" ci="0" mb="0" cb="0"/><line nr="125" mi="6" ci="0" mb="0" cb="0"/><line nr="126" mi="3" ci="0" mb="2" cb="0"/><line nr="127" mi="3" ci="0" mb="0" cb="0"/><line nr="129" mi="4" ci="0" mb="0" cb="0"/><line nr="133" mi="0" ci="5" mb="0" cb="0"/><line nr="136" mi="0" ci="5" mb="0" cb="0"/><line nr="137" mi="0" ci="2" mb="1" cb="1"/><line nr="138" mi="2" ci="0" mb="0" cb="0"/><line nr="142" mi="0" ci="5" mb="0" cb="0"/><line nr="143" mi="0" ci="6" mb="0" cb="0"/><line nr="145" mi="0" ci="7" mb="0" cb="0"/><line nr="155" mi="0" ci="5" mb="1" cb="1"/><line nr="156" mi="3" ci="0" mb="0" cb="0"/><line nr="158" mi="0" ci="3" mb="0" cb="0"/><line nr="171" mi="0" ci="3" mb="0" cb="0"/><line nr="172" mi="0" ci="3" mb="0" cb="0"/><line nr="174" mi="0" ci="6" mb="2" cb="2"/><line nr="175" mi="0" ci="10" mb="0" cb="0"/><line nr="176" mi="0" ci="7" mb="0" cb="0"/><line nr="177" mi="0" ci="2" mb="0" cb="0"/><line nr="180" mi="8" ci="0" mb="0" cb="0"/><line nr="181" mi="9" ci="0" mb="0" cb="0"/><line nr="182" mi="2" ci="0" mb="0" cb="0"/><counter type="INSTRUCTION" missed="98" covered="184"/><counter type="BRANCH" missed="17" covered="11"/><counter type="LINE" missed="24" covered="44"/><counter type="COMPLEXITY" missed="14" covered="5"/><counter type="METHOD" missed="0" covered="5"/><counter type="CLASS" missed="0" covered="1"/></sourcefile><counter type="INSTRUCTION" missed="98" covered="480"/><counter type="BRANCH" missed="17" covered="33"/><counter type="LINE" missed="24" covered="112"/><counter type="COMPLEXITY" missed="14" covered="28"/><counter type="METHOD" missed="0" covered="17"/><counter type="CLASS" missed="0" covered="4"/></package><package name="com/cms/hospice"><class name="com/cms/hospice/HospicePricerApplication" sourcefilename="HospicePricerApplication.java"><method name="&lt;init&gt;" desc="()V" line="7"><counter type="INSTRUCTION" missed="0" covered="3"/><counter type="LINE" missed="0" covered="1"/><counter type="COMPLEXITY" missed="0" covered="1"/><counter type="METHOD" missed="0" covered="1"/></method><method name="main" desc="([Ljava/lang/String;)V" line="10"><counter type="INSTRUCTION" missed="5" covered="0"/><counter type="LINE" missed="2" covered="0"/><counter type="COMPLEXITY" missed="1" covered="0"/><counter type="METHOD" missed="1" covered="0"/></method><counter type="INSTRUCTION" missed="5" covered="3"/><counter type="LINE" missed="2" covered="1"/><counter type="COMPLEXITY" missed="1" covered="1"/><counter type="METHOD" missed="1" covered="1"/><counter type="CLASS" missed="0" covered="1"/></class><sourcefile name="HospicePricerApplication.java"><line nr="7" mi="0" ci="3" mb="0" cb="0"/><line nr="10" mi="4" ci="0" mb="0" cb="0"/><line nr="11" mi="1" ci="0" mb="0" cb="0"/><counter type="INSTRUCTION" missed="5" covered="3"/><counter type="LINE" missed="2" covered="1"/><counter type="COMPLEXITY" missed="1" covered="1"/><counter type="METHOD" missed="1" covered="1"/><counter type="CLASS" missed="0" covered="1"/></sourcefile><counter type="INSTRUCTION" missed="5" covered="3"/><counter type="LINE" missed="2" covered="1"/><counter type="COMPLEXITY" missed="1" covered="1"/><counter type="METHOD" missed="1" covered="1"/><counter type="CLASS" missed="0" covered="1"/></package><package name="com/cms/hospice/model"><class name="com/cms/hospice/model/RhcSplitResult" sourcefilename="RhcSplitResult.java"><method name="&lt;init&gt;" desc="(IILjava/math/BigDecimal;Ljava/math/BigDecimal;Ljava/math/BigDecimal;)V" line="5"><counter type="INSTRUCTION" missed="0" covered="18"/><counter type="LINE" missed="0" covered="1"/><counter type="COMPLEXITY" missed="0" covered="1"/><counter type="METHOD" missed="0" covered="1"/></method><method name="zero" desc="()Lcom/cms/hospice/model/RhcSplitResult;" line="12"><counter type="INSTRUCTION" missed="9" covered="0"/><counter type="LINE" missed="1" covered="0"/><counter type="COMPLEXITY" missed="1" covered="0"/><counter type="METHOD" missed="1" covered="0"/></method><method name="hasHighDays" desc="()Z" line="16"><counter type="INSTRUCTION" missed="0" covered="7"/><counter type="BRANCH" missed="0" covered="2"/><counter type="LINE" missed="0" covered="1"/><counter type="COMPLEXITY" missed="0" covered="2"/><counter type="METHOD" missed="0" covered="1"/></method><method name="hasLowDays" desc="()Z" line="20"><counter type="INSTRUCTION" missed="0" covered="7"/><counter type="BRANCH" missed="0" covered="2"/><counter type="LINE" missed="0" covered="1"/><counter type="COMPLEXITY" missed="0" covered="2"/><counter type="METHOD" missed="0" covered="1"/></method><counter type="INSTRUCTION" missed="9" covered="32"/><counter type="BRANCH" missed="0" covered="4"/><counter type="LINE" missed="1" covered="3"/><counter type="COMPLEXITY" missed="1" covered="5"/><counter type="METHOD" missed="1" covered="3"/><counter type="CLASS" missed="0" covered="1"/></class><class name="com/cms/hospice/model/HospiceClaim" sourcefilename="HospiceClaim.java"><method name="&lt;init&gt;" desc="(Ljava/lang/String;Ljava/lang/String;Ljava/time/LocalDate;Ljava/time/LocalDate;Ljava/lang/String;Ljava/lang/String;Ljava/math/BigDecimal;Ljava/math/BigDecimal;II[ILjava/lang/String;Lcom/cms/hospice/model/RevenueLineItem;Lcom/cms/hospice/model/RevenueLineItem;Lcom/cms/hospice/model/RevenueLineItem;Lcom/cms/hospice/model/RevenueLineItem;)V" line="10"><counter type="INSTRUCTION" missed="0" covered="51"/><counter type="LINE" missed="0" covered="1"/><counter type="COMPLEXITY" missed="0" covered="1"/><counter type="METHOD" missed="0" covered="1"/></method><method name="isQip" desc="()Z" line="29"><counter type="INSTRUCTION" missed="0" covered="5"/><counter type="LINE" missed="0" covered="1"/><counter type="COMPLEXITY" missed="0" covered="1"/><counter type="METHOD" missed="0" covered="1"/></method><method name="lineItems" desc="()[Lcom/cms/hospice/model/RevenueLineItem;" line="33"><counter type="INSTRUCTION" missed="23" covered="0"/><counter type="LINE" missed="1" covered="0"/><counter type="COMPLEXITY" missed="1" covered="0"/><counter type="METHOD" missed="1" covered="0"/></method><method name="safeEolDayUnits" desc="()[I" line="37"><counter type="INSTRUCTION" missed="3" covered="26"/><counter type="BRANCH" missed="1" covered="3"/><counter type="LINE" missed="1" covered="5"/><counter type="COMPLEXITY" missed="1" covered="2"/><counter type="METHOD" missed="0" covered="1"/></method><method name="withWageIndexes" desc="(Ljava/math/BigDecimal;Ljava/math/BigDecimal;)Lcom/cms/hospice/model/HospiceClaim;" line="52"><counter type="INSTRUCTION" missed="0" covered="34"/><counter type="LINE" missed="0" covered="1"/><counter type="COMPLEXITY" missed="0" covered="1"/><counter type="METHOD" missed="0" covered="1"/></method><counter type="INSTRUCTION" missed="26" covered="116"/><counter type="BRANCH" missed="1" covered="3"/><counter type="LINE" missed="2" covered="8"/><counter type="COMPLEXITY" missed="2" covered="5"/><counter type="METHOD" missed="1" covered="4"/><counter type="CLASS" missed="0" covered="1"/></class><class name="com/cms/hospice/model/WageIndexEntry" sourcefilename="WageIndexEntry.java"><method name="&lt;init&gt;" desc="(Ljava/lang/String;Ljava/time/LocalDate;Ljava/math/BigDecimal;)V" line="6"><counter type="INSTRUCTION" missed="0" covered="12"/><counter type="LINE" missed="0" covered="1"/><counter type="COMPLEXITY" missed="0" covered="1"/><counter type="METHOD" missed="0" covered="1"/></method><counter type="INSTRUCTION" missed="0" covered="12"/><counter type="LINE" missed="0" covered="1"/><counter type="COMPLEXITY" missed="0" covered="1"/><counter type="METHOD" missed="0" covered="1"/><counter type="CLASS" missed="0" covered="1"/></class><class name="com/cms/hospice/model/RevenueLineItem" sourcefilename="RevenueLineItem.java"><method name="&lt;init&gt;" desc="(Ljava/lang/String;Ljava/lang/String;Ljava/time/LocalDate;I)V" line="5"><counter type="INSTRUCTION" missed="0" covered="15"/><counter type="LINE" missed="0" covered="1"/><counter type="COMPLEXITY" missed="0" covered="1"/><counter type="METHOD" missed="0" covered="1"/></method><method name="isRhc" desc="()Z" line="16"><counter type="INSTRUCTION" missed="0" covered="5"/><counter type="LINE" missed="0" covered="1"/><counter type="COMPLEXITY" missed="0" covered="1"/><counter type="METHOD" missed="0" covered="1"/></method><method name="isChc" desc="()Z" line="20"><counter type="INSTRUCTION" missed="0" covered="5"/><counter type="LINE" missed="0" covered="1"/><counter type="COMPLEXITY" missed="0" covered="1"/><counter type="METHOD" missed="0" covered="1"/></method><method name="isIrc" desc="()Z" line="24"><counter type="INSTRUCTION" missed="0" covered="5"/><counter type="LINE" missed="0" covered="1"/><counter type="COMPLEXITY" missed="0" covered="1"/><counter type="METHOD" missed="0" covered="1"/></method><method name="isGic" desc="()Z" line="28"><counter type="INSTRUCTION" missed="0" covered="5"/><counter type="LINE" missed="0" covered="1"/><counter type="COMPLEXITY" missed="0" covered="1"/><counter type="METHOD" missed="0" covered="1"/></method><counter type="INSTRUCTION" missed="0" covered="35"/><counter type="LINE" missed="0" covered="5"/><counter type="COMPLEXITY" missed="0" covered="5"/><counter type="METHOD" missed="0" covered="5"/><counter type="CLASS" missed="0" covered="1"/></class><class name="com/cms/hospice/model/FiscalYearRates" sourcefilename="FiscalYearRates.java"><method name="&lt;init&gt;" desc="(Ljava/lang/String;Ljava/math/BigDecimal;Ljava/math/BigDecimal;Ljava/math/BigDecimal;Ljava/math/BigDecimal;Ljava/math/BigDecimal;Ljava/math/BigDecimal;Ljava/math/BigDecimal;Ljava/math/BigDecimal;Ljava/math/BigDecimal;Ljava/math/BigDecimal;Ljava/math/BigDecimal;Ljava/math/BigDecimal;Ljava/math/BigDecimal;Ljava/math/BigDecimal;Ljava/math/BigDecimal;Ljava/math/BigDecimal;Ljava/math/BigDecimal;Ljava/math/BigDecimal;Ljava/math/BigDecimal;Ljava/math/BigDecimal;ZZZZZ)V" line="11"><counter type="INSTRUCTION" missed="0" covered="81"/><counter type="LINE" missed="0" covered="1"/><counter type="COMPLEXITY" missed="0" covered="1"/><counter type="METHOD" missed="0" covered="1"/></method><method name="effectiveRhcHighLs" desc="(Z)Ljava/math/BigDecimal;" line="54"><counter type="INSTRUCTION" missed="0" covered="11"/><counter type="BRANCH" missed="1" covered="3"/><counter type="LINE" missed="0" covered="1"/><counter type="COMPLEXITY" missed="1" covered="2"/><counter type="METHOD" missed="0" covered="1"/></method><method name="effectiveRhcHighNls" desc="(Z)Ljava/math/BigDecimal;" line="58"><counter type="INSTRUCTION" missed="0" covered="11"/><counter type="BRANCH" missed="1" covered="3"/><counter type="LINE" missed="0" covered="1"/><counter type="COMPLEXITY" missed="1" covered="2"/><counter type="METHOD" missed="0" covered="1"/></method><method name="effectiveRhcLowLs" desc="(Z)Ljava/math/BigDecimal;" line="62"><counter type="INSTRUCTION" missed="0" covered="11"/><counter type="BRANCH" missed="1" covered="3"/><counter type="LINE" missed="0" covered="1"/><counter type="COMPLEXITY" missed="1" covered="2"/><counter type="METHOD" missed="0" covered="1"/></method><method name="effectiveRhcLowNls" desc="(Z)Ljava/math/BigDecimal;" line="66"><counter type="INSTRUCTION" missed="0" covered="11"/><counter type="BRANCH" missed="1" covered="3"/><counter type="LINE" missed="0" covered="1"/><counter type="COMPLEXITY" missed="1" covered="2"/><counter type="METHOD" missed="0" covered="1"/></method><method name="effectiveChcLs" desc="(Z)Ljava/math/BigDecimal;" line="70"><counter type="INSTRUCTION" missed="0" covered="11"/><counter type="BRANCH" missed="1" covered="3"/><counter type="LINE" missed="0" covered="1"/><counter type="COMPLEXITY" missed="1" covered="2"/><counter type="METHOD" missed="0" covered="1"/></method><method name="effectiveChcNls" desc="(Z)Ljava/math/BigDecimal;" line="74"><counter type="INSTRUCTION" missed="0" covered="11"/><counter type="BRANCH" missed="1" covered="3"/><counter type="LINE" missed="0" covered="1"/><counter type="COMPLEXITY" missed="1" covered="2"/><counter type="METHOD" missed="0" covered="1"/></method><method name="effectiveIrcLs" desc="(Z)Ljava/math/BigDecimal;" line="78"><counter type="INSTRUCTION" missed="0" covered="11"/><counter type="BRANCH" missed="1" covered="3"/><counter type="LINE" missed="0" covered="1"/><counter type="COMPLEXITY" missed="1" covered="2"/><counter type="METHOD" missed="0" covered="1"/></method><method name="effectiveIrcNls" desc="(Z)Ljava/math/BigDecimal;" line="82"><counter type="INSTRUCTION" missed="0" covered="11"/><counter type="BRANCH" missed="1" covered="3"/><counter type="LINE" missed="0" covered="1"/><counter type="COMPLEXITY" missed="1" covered="2"/><counter type="METHOD" missed="0" covered="1"/></method><method name="effectiveGicLs" desc="(Z)Ljava/math/BigDecimal;" line="86"><counter type="INSTRUCTION" missed="0" covered="11"/><counter type="BRANCH" missed="1" covered="3"/><counter type="LINE" missed="0" covered="1"/><counter type="COMPLEXITY" missed="1" covered="2"/><counter type="METHOD" missed="0" covered="1"/></method><method name="effectiveGicNls" desc="(Z)Ljava/math/BigDecimal;" line="90"><counter type="INSTRUCTION" missed="0" covered="11"/><counter type="BRANCH" missed="1" covered="3"/><counter type="LINE" missed="0" covered="1"/><counter type="COMPLEXITY" missed="1" covered="2"/><counter type="METHOD" missed="0" covered="1"/></method><counter type="INSTRUCTION" missed="0" covered="191"/><counter type="BRANCH" missed="10" covered="30"/><counter type="LINE" missed="0" covered="11"/><counter type="COMPLEXITY" missed="10" covered="21"/><counter type="METHOD" missed="0" covered="11"/><counter type="CLASS" missed="0" covered="1"/></class><class name="com/cms/hospice/model/ProviderData" sourcefilename="ProviderData.java"><method name="&lt;init&gt;" desc="(Ljava/lang/String;Ljava/lang/String;Ljava/time/LocalDate;Ljava/time/LocalDate;Ljava/lang/String;Ljava/lang/String;Ljava/lang/String;)V" line="5"><counter type="INSTRUCTION" missed="0" covered="24"/><counter type="LINE" missed="0" covered="1"/><counter type="COMPLEXITY" missed="0" covered="1"/><counter type="METHOD" missed="0" covered="1"/></method><counter type="INSTRUCTION" missed="0" covered="24"/><counter type="LINE" missed="0" covered="1"/><counter type="COMPLEXITY" missed="0" covered="1"/><counter type="METHOD" missed="0" covered="1"/><counter type="CLASS" missed="0" covered="1"/></class><class name="com/cms/hospice/model/PricingResult" sourcefilename="PricingResult.java"><method name="&lt;init&gt;" desc="(Ljava/math/BigDecimal;Ljava/math/BigDecimal;Ljava/math/BigDecimal;Ljava/math/BigDecimal;Ljava/math/BigDecimal;Ljava/lang/String;II[Ljava/math/BigDecimal;Ljava/math/BigDecimal;Ljava/math/BigDecimal;)V" line="5"><counter type="INSTRUCTION" missed="0" covered="36"/><counter type="LINE" missed="0" covered="1"/><counter type="COMPLEXITY" missed="0" covered="1"/><counter type="METHOD" missed="0" covered="1"/></method><method name="error" desc="(Lcom/cms/hospice/model/ReturnCode;)Lcom/cms/hospice/model/PricingResult;" line="19"><counter type="INSTRUCTION" missed="0" covered="30"/><counter type="BRANCH" missed="0" covered="2"/><counter type="LINE" missed="0" covered="5"/><counter type="COMPLEXITY" missed="0" covered="2"/><counter type="METHOD" missed="0" covered="1"/></method><method name="isError" desc="()Z" line="29"><counter type="INSTRUCTION" missed="5" covered="0"/><counter type="LINE" missed="1" covered="0"/><counter type="COMPLEXITY" missed="1" covered="0"/><counter type="METHOD" missed="1" covered="0"/></method><counter type="INSTRUCTION" missed="5" covered="66"/><counter type="BRANCH" missed="0" covered="2"/><counter type="LINE" missed="1" covered="6"/><counter type="COMPLEXITY" missed="1" covered="3"/><counter type="METHOD" missed="1" covered="2"/><counter type="CLASS" missed="0" covered="1"/></class><class name="com/cms/hospice/model/SiaResult" sourcefilename="SiaResult.java"><method name="&lt;init&gt;" desc="([Ljava/math/BigDecimal;Ljava/math/BigDecimal;Z)V" line="5"><counter type="INSTRUCTION" missed="0" covered="12"/><counter type="LINE" missed="0" covered="1"/><counter type="COMPLEXITY" missed="0" covered="1"/><counter type="METHOD" missed="0" covered="1"/></method><method name="none" desc="()Lcom/cms/hospice/model/SiaResult;" line="10"><counter type="INSTRUCTION" missed="0" covered="21"/><counter type="BRANCH" missed="0" covered="2"/><counter type="LINE" missed="0" covered="4"/><counter type="COMPLEXITY" missed="0" covered="2"/><counter type="METHOD" missed="0" covered="1"/></method><counter type="INSTRUCTION" missed="0" covered="33"/><counter type="BRANCH" missed="0" covered="2"/><counter type="LINE" missed="0" covered="5"/><counter type="COMPLEXITY" missed="0" covered="3"/><counter type="METHOD" missed="0" covered="2"/><counter type="CLASS" missed="0" covered="1"/></class><class name="com/cms/hospice/model/ReturnCode" sourcefilename="ReturnCode.java"><method name="&lt;init&gt;" desc="(Ljava/lang/String;ILjava/lang/String;Ljava/lang/String;)V" line="19"><counter type="INSTRUCTION" missed="0" covered="11"/><counter type="LINE" missed="0" covered="4"/><counter type="COMPLEXITY" missed="0" covered="1"/><counter type="METHOD" missed="0" covered="1"/></method><method name="getCode" desc="()Ljava/lang/String;" line="25"><counter type="INSTRUCTION" missed="0" covered="3"/><counter type="LINE" missed="0" covered="1"/><counter type="COMPLEXITY" missed="0" covered="1"/><counter type="METHOD" missed="0" covered="1"/></method><method name="getDescription" desc="()Ljava/lang/String;" line="29"><counter type="INSTRUCTION" missed="3" covered="0"/><counter type="LINE" missed="1" covered="0"/><counter type="COMPLEXITY" missed="1" covered="0"/><counter type="METHOD" missed="1" covered="0"/></method><method name="isError" desc="()Z" line="33"><counter type="INSTRUCTION" missed="7" covered="0"/><counter type="BRANCH" missed="2" covered="0"/><counter type="LINE" missed="3" covered="0"/><counter type="COMPLEXITY" missed="2" covered="0"/><counter type="METHOD" missed="1" covered="0"/></method><method name="fromCode" desc="(Ljava/lang/String;)Lcom/cms/hospice/model/ReturnCode;" line="40"><counter type="INSTRUCTION" missed="29" covered="0"/><counter type="BRANCH" missed="4" covered="0"/><counter type="LINE" missed="4" covered="0"/><counter type="COMPLEXITY" missed="3" covered="0"/><counter type="METHOD" missed="1" covered="0"/></method><method name="&lt;clinit&gt;" desc="()V" line="3"><counter type="INSTRUCTION" missed="0" covered="91"/><counter type="LINE" missed="0" covered="12"/><counter type="COMPLEXITY" missed="0" covered="1"/><counter type="METHOD" missed="0" covered="1"/></method><counter type="INSTRUCTION" missed="39" covered="105"/><counter type="BRANCH" missed="6" covered="0"/><counter type="LINE" missed="8" covered="17"/><counter type="COMPLEXITY" missed="6" covered="3"/><counter type="METHOD" missed="3" covered="3"/><counter type="CLASS" missed="0" covered="1"/></class><sourcefile name="ProviderData.java"><line nr="5" mi="0" ci="24" mb="0" cb="0"/><counter type="INSTRUCTION" missed="0" covered="24"/><counter type="LINE" missed="0" covered="1"/><counter type="COMPLEXITY" missed="0" covered="1"/><counter type="METHOD" missed="0" covered="1"/><counter type="CLASS" missed="0" covered="1"/></sourcefile><sourcefile name="ReturnCode.java"><line nr="3" mi="0" ci="3" mb="0" cb="0"/><line nr="4" mi="0" ci="8" mb="0" cb="0"/><line nr="5" mi="0" ci="8" mb="0" cb="0"/><line nr="6" mi="0" ci="8" mb="0" cb="0"/><line nr="7" mi="0" ci="8" mb="0" cb="0"/><line nr="8" mi="0" ci="8" mb="0" cb="0"/><line nr="9" mi="0" ci="8" mb="0" cb="0"/><line nr="10" mi="0" ci="8" mb="0" cb="0"/><line nr="11" mi="0" ci="8" mb="0" cb="0"/><line nr="12" mi="0" ci="8" mb="0" cb="0"/><line nr="13" mi="0" ci="8" mb="0" cb="0"/><line nr="14" mi="0" ci="8" mb="0" cb="0"/><line nr="19" mi="0" ci="4" mb="0" cb="0"/><line nr="20" mi="0" ci="3" mb="0" cb="0"/><line nr="21" mi="0" ci="3" mb="0" cb="0"/><line nr="22" mi="0" ci="1" mb="0" cb="0"/><line nr="25" mi="0" ci="3" mb="0" cb="0"/><line nr="29" mi="3" ci="0" mb="0" cb="0"/><line nr="33" mi="4" ci="0" mb="2" cb="0"/><line nr="34" mi="2" ci="0" mb="0" cb="0"/><line nr="35" mi="1" ci="0" mb="0" cb="0"/><line nr="40" mi="16" ci="0" mb="2" cb="0"/><line nr="41" mi="5" ci="0" mb="2" cb="0"/><line nr="42" mi="2" ci="0" mb="0" cb="0"/><line nr="45" mi="6" ci="0" mb="0" cb="0"/><counter type="INSTRUCTION" missed="39" covered="105"/><counter type="BRANCH" missed="6" covered="0"/><counter type="LINE" missed="8" covered="17"/><counter type="COMPLEXITY" missed="6" covered="3"/><counter type="METHOD" missed="3" covered="3"/><counter type="CLASS" missed="0" covered="1"/></sourcefile><sourcefile name="SiaResult.java"><line nr="5" mi="0" ci="12" mb="0" cb="0"/><line nr="10" mi="0" ci="3" mb="0" cb="0"/><line nr="11" mi="0" ci="7" mb="0" cb="2"/><line nr="12" mi="0" ci="4" mb="0" cb="0"/><line nr="13" mi="0" ci="7" mb="0" cb="0"/><counter type="INSTRUCTION" missed="0" covered="33"/><counter type="BRANCH" missed="0" covered="2"/><counter type="LINE" missed="0" covered="5"/><counter type="COMPLEXITY" missed="0" covered="3"/><counter type="METHOD" missed="0" covered="2"/><counter type="CLASS" missed="0" covered="1"/></sourcefile><sourcefile name="PricingResult.java"><line nr="5" mi="0" ci="36" mb="0" cb="0"/><line nr="19" mi="0" ci="3" mb="0" cb="0"/><line nr="20" mi="0" ci="7" mb="0" cb="2"/><line nr="21" mi="0" ci="4" mb="0" cb="0"/><line nr="22" mi="0" ci="9" mb="0" cb="0"/><line nr="24" mi="0" ci="7" mb="0" cb="0"/><line nr="29" mi="5" ci="0" mb="0" cb="0"/><counter type="INSTRUCTION" missed="5" covered="66"/><counter type="BRANCH" missed="0" covered="2"/><counter type="LINE" missed="1" covered="6"/><counter type="COMPLEXITY" missed="1" covered="3"/><counter type="METHOD" missed="1" covered="2"/><counter type="CLASS" missed="0" covered="1"/></sourcefile><sourcefile name="HospiceClaim.java"><line nr="10" mi="0" ci="51" mb="0" cb="0"/><line nr="29" mi="0" ci="5" mb="0" cb="0"/><line nr="33" mi="23" ci="0" mb="0" cb="0"/><line nr="37" mi="0" ci="3" mb="1" cb="1"/><line nr="38" mi="3" ci="0" mb="0" cb="0"/><line nr="39" mi="0" ci="3" mb="0" cb="0"/><line nr="40" mi="0" ci="11" mb="0" cb="2"/><line nr="41" mi="0" ci="7" mb="0" cb="0"/><line nr="43" mi="0" ci="2" mb="0" cb="0"/><line nr="52" mi="0" ci="34" mb="0" cb="0"/><counter type="INSTRUCTION" missed="26" covered="116"/><counter type="BRANCH" missed="1" covered="3"/><counter type="LINE" missed="2" covered="8"/><counter type="COMPLEXITY" missed="2" covered="5"/><counter type="METHOD" missed="1" covered="4"/><counter type="CLASS" missed="0" covered="1"/></sourcefile><sourcefile name="FiscalYearRates.java"><line nr="11" mi="0" ci="81" mb="0" cb="0"/><line nr="54" mi="0" ci="11" mb="1" cb="3"/><line nr="58" mi="0" ci="11" mb="1" cb="3"/><line nr="62" mi="0" ci="11" mb="1" cb="3"/><line nr="66" mi="0" ci="11" mb="1" cb="3"/><line nr="70" mi="0" ci="11" mb="1" cb="3"/><line nr="74" mi="0" ci="11" mb="1" cb="3"/><line nr="78" mi="0" ci="11" mb="1" cb="3"/><line nr="82" mi="0" ci="11" mb="1" cb="3"/><line nr="86" mi="0" ci="11" mb="1" cb="3"/><line nr="90" mi="0" ci="11" mb="1" cb="3"/><counter type="INSTRUCTION" missed="0" covered="191"/><counter type="BRANCH" missed="10" covered="30"/><counter type="LINE" missed="0" covered="11"/><counter type="COMPLEXITY" missed="10" covered="21"/><counter type="METHOD" missed="0" covered="11"/><counter type="CLASS" missed="0" covered="1"/></sourcefile><sourcefile name="RevenueLineItem.java"><line nr="5" mi="0" ci="15" mb="0" cb="0"/><line nr="16" mi="0" ci="5" mb="0" cb="0"/><line nr="20" mi="0" ci="5" mb="0" cb="0"/><line nr="24" mi="0" ci="5" mb="0" cb="0"/><line nr="28" mi="0" ci="5" mb="0" cb="0"/><counter type="INSTRUCTION" missed="0" covered="35"/><counter type="LINE" missed="0" covered="5"/><counter type="COMPLEXITY" missed="0" covered="5"/><counter type="METHOD" missed="0" covered="5"/><counter type="CLASS" missed="0" covered="1"/></sourcefile><sourcefile name="WageIndexEntry.java"><line nr="6" mi="0" ci="12" mb="0" cb="0"/><counter type="INSTRUCTION" missed="0" covered="12"/><counter type="LINE" missed="0" covered="1"/><counter type="COMPLEXITY" missed="0" covered="1"/><counter type="METHOD" missed="0" covered="1"/><counter type="CLASS" missed="0" covered="1"/></sourcefile><sourcefile name="RhcSplitResult.java"><line nr="5" mi="0" ci="18" mb="0" cb="0"/><line nr="12" mi="9" ci="0" mb="0" cb="0"/><line nr="16" mi="0" ci="7" mb="0" cb="2"/><line nr="20" mi="0" ci="7" mb="0" cb="2"/><counter type="INSTRUCTION" missed="9" covered="32"/><counter type="BRANCH" missed="0" covered="4"/><counter type="LINE" missed="1" covered="3"/><counter type="COMPLEXITY" missed="1" covered="5"/><counter type="METHOD" missed="1" covered="3"/><counter type="CLASS" missed="0" covered="1"/></sourcefile><counter type="INSTRUCTION" missed="79" covered="614"/><counter type="BRANCH" missed="17" covered="41"/><counter type="LINE" missed="12" covered="57"/><counter type="COMPLEXITY" missed="20" covered="47"/><counter type="METHOD" missed="6" covered="32"/><counter type="CLASS" missed="0" covered="9"/></package><package name="com/cms/hospice/config"><class name="com/cms/hospice/config/RateProvider" sourcefilename="RateProvider.java"><method name="&lt;init&gt;" desc="(Lorg/springframework/core/io/support/ResourcePatternResolver;)V" line="30"><counter type="INSTRUCTION" missed="0" covered="11"/><counter type="LINE" missed="0" covered="4"/><counter type="COMPLEXITY" missed="0" covered="1"/><counter type="METHOD" missed="0" covered="1"/></method><method name="loadRates" desc="()V" line="38"><counter type="INSTRUCTION" missed="5" covered="62"/><counter type="BRANCH" missed="1" covered="3"/><counter type="LINE" missed="1" covered="12"/><counter type="COMPLEXITY" missed="1" covered="2"/><counter type="METHOD" missed="0" covered="1"/></method><method name="getRates" desc="(Ljava/lang/String;)Lcom/cms/hospice/model/FiscalYearRates;" line="56"><counter type="INSTRUCTION" missed="6" covered="10"/><counter type="BRANCH" missed="1" covered="1"/><counter type="LINE" missed="1" covered="3"/><counter type="COMPLEXITY" missed="1" covered="1"/><counter type="METHOD" missed="0" covered="1"/></method><method name="validateAllFiscalYears" desc="()V" line="64"><counter type="INSTRUCTION" missed="6" covered="140"/><counter type="BRANCH" missed="1" covered="3"/><counter type="LINE" missed="1" covered="5"/><counter type="COMPLEXITY" missed="1" covered="2"/><counter type="METHOD" missed="0" covered="1"/></method><method name="validateRates" desc="(Lcom/cms/hospice/model/FiscalYearRates;)V" line="81"><counter type="INSTRUCTION" missed="14" covered="34"/><counter type="BRANCH" missed="10" covered="12"/><counter type="LINE" missed="2" covered="6"/><counter type="COMPLEXITY" missed="10" covered="2"/><counter type="METHOD" missed="0" covered="1"/></method><method name="parseRates" desc="(Ljava/util/Map;)Lcom/cms/hospice/model/FiscalYearRates;" line="94"><counter type="INSTRUCTION" missed="0" covered="166"/><counter type="BRANCH" missed="0" covered="8"/><counter type="LINE" missed="0" covered="23"/><counter type="COMPLEXITY" missed="0" covered="5"/><counter type="METHOD" missed="0" covered="1"/></method><method name="bd" desc="(Ljava/util/Map;Ljava/lang/String;)Ljava/math/BigDecimal;" line="128"><counter type="INSTRUCTION" missed="35" covered="19"/><counter type="BRANCH" missed="7" covered="3"/><counter type="LINE" missed="7" covered="5"/><counter type="COMPLEXITY" missed="5" covered="1"/><counter type="METHOD" missed="0" covered="1"/></method><method name="getFlag" desc="(Ljava/util/Map;Ljava/lang/String;)Z" line="143"><counter type="INSTRUCTION" missed="2" covered="10"/><counter type="BRANCH" missed="1" covered="1"/><counter type="LINE" missed="1" covered="3"/><counter type="COMPLEXITY" missed="1" covered="1"/><counter type="METHOD" missed="0" covered="1"/></method><method name="&lt;clinit&gt;" desc="()V" line="27"><counter type="INSTRUCTION" missed="0" covered="4"/><counter type="LINE" missed="0" covered="1"/><counter type="COMPLEXITY" missed="0" covered="1"/><counter type="METHOD" missed="0" covered="1"/></method><counter type="INSTRUCTION" missed="68" covered="456"/><counter type="BRANCH" missed="21" covered="31"/><counter type="LINE" missed="13" covered="62"/><counter type="COMPLEXITY" missed="19" covered="16"/><counter type="METHOD" missed="0" covered="9"/><counter type="CLASS" missed="0" covered="1"/></class><sourcefile name="RateProvider.java"><line nr="27" mi="0" ci="4" mb="0" cb="0"/><line nr="30" mi="0" ci="5" mb="0" cb="0"/><line nr="32" mi="0" ci="2" mb="0" cb="0"/><line nr="33" mi="0" ci="3" mb="0" cb="0"/><line nr="34" mi="0" ci="1" mb="0" cb="0"/><line nr="38" mi="0" ci="5" mb="0" cb="0"/><line nr="39" mi="0" ci="3" mb="1" cb="1"/><line nr="40" mi="5" ci="0" mb="0" cb="0"/><line nr="42" mi="0" ci="4" mb="0" cb="0"/><line nr="43" mi="0" ci="16" mb="0" cb="2"/><line nr="44" mi="0" ci="3" mb="0" cb="0"/><line nr="45" mi="0" ci="5" mb="0" cb="0"/><line nr="46" mi="0" ci="4" mb="0" cb="0"/><line nr="47" mi="0" ci="7" mb="0" cb="0"/><line nr="48" mi="0" ci="5" mb="0" cb="0"/><line nr="51" mi="0" ci="7" mb="0" cb="0"/><line nr="52" mi="0" ci="2" mb="0" cb="0"/><line nr="53" mi="0" ci="1" mb="0" cb="0"/><line nr="56" mi="0" ci="6" mb="0" cb="0"/><line nr="57" mi="0" ci="2" mb="1" cb="1"/><line nr="58" mi="6" ci="0" mb="0" cb="0"/><line nr="60" mi="0" ci="2" mb="0" cb="0"/><line nr="64" mi="0" ci="111" mb="0" cb="0"/><line nr="72" mi="0" ci="16" mb="0" cb="2"/><line nr="73" mi="0" ci="5" mb="1" cb="1"/><line nr="74" mi="6" ci="0" mb="0" cb="0"/><line nr="76" mi="0" ci="7" mb="0" cb="0"/><line nr="78" mi="0" ci="1" mb="0" cb="0"/><line nr="81" mi="0" ci="7" mb="2" cb="2"/><line nr="82" mi="0" ci="6" mb="2" cb="2"/><line nr="83" mi="0" ci="6" mb="2" cb="2"/><line nr="84" mi="0" ci="5" mb="2" cb="2"/><line nr="85" mi="7" ci="0" mb="0" cb="0"/><line nr="87" mi="0" ci="9" mb="2" cb="4"/><line nr="88" mi="7" ci="0" mb="0" cb="0"/><line nr="90" mi="0" ci="1" mb="0" cb="0"/><line nr="94" mi="0" ci="5" mb="0" cb="0"/><line nr="95" mi="0" ci="5" mb="0" cb="0"/><line nr="96" mi="0" ci="6" mb="0" cb="0"/><line nr="97" mi="0" ci="5" mb="0" cb="0"/><line nr="99" mi="0" ci="5" mb="0" cb="0"/><line nr="100" mi="0" ci="5" mb="0" cb="0"/><line nr="101" mi="0" ci="5" mb="0" cb="0"/><line nr="102" mi="0" ci="5" mb="0" cb="0"/><line nr="103" mi="0" ci="5" mb="0" cb="0"/><line nr="105" mi="0" ci="5" mb="0" cb="0"/><line nr="106" mi="0" ci="5" mb="0" cb="0"/><line nr="107" mi="0" ci="9" mb="0" cb="2"/><line nr="108" mi="0" ci="9" mb="0" cb="2"/><line nr="110" mi="0" ci="11" mb="0" cb="0"/><line nr="114" mi="0" ci="8" mb="0" cb="0"/><line nr="115" mi="0" ci="8" mb="0" cb="0"/><line nr="116" mi="0" ci="8" mb="0" cb="0"/><line nr="118" mi="0" ci="5" mb="0" cb="0"/><line nr="119" mi="0" ci="11" mb="0" cb="2"/><line nr="120" mi="0" ci="14" mb="0" cb="2"/><line nr="121" mi="0" ci="8" mb="0" cb="0"/><line nr="122" mi="0" ci="8" mb="0" cb="0"/><line nr="123" mi="0" ci="11" mb="0" cb="0"/><line nr="128" mi="0" ci="4" mb="0" cb="0"/><line nr="129" mi="0" ci="2" mb="1" cb="1"/><line nr="130" mi="2" ci="0" mb="0" cb="0"/><line nr="131" mi="3" ci="3" mb="1" cb="1"/><line nr="132" mi="2" ci="0" mb="0" cb="0"/><line nr="133" mi="0" ci="6" mb="1" cb="1"/><line nr="134" mi="0" ci="4" mb="0" cb="0"/><line nr="135" mi="6" ci="0" mb="2" cb="0"/><line nr="136" mi="5" ci="0" mb="0" cb="0"/><line nr="137" mi="6" ci="0" mb="2" cb="0"/><line nr="138" mi="5" ci="0" mb="0" cb="0"/><line nr="139" mi="6" ci="0" mb="0" cb="0"/><line nr="143" mi="0" ci="2" mb="1" cb="1"/><line nr="144" mi="2" ci="0" mb="0" cb="0"/><line nr="145" mi="0" ci="4" mb="0" cb="0"/><line nr="146" mi="0" ci="4" mb="0" cb="0"/><counter type="INSTRUCTION" missed="68" covered="456"/><counter type="BRANCH" missed="21" covered="31"/><counter type="LINE" missed="13" covered="62"/><counter type="COMPLEXITY" missed="19" covered="16"/><counter type="METHOD" missed="0" covered="9"/><counter type="CLASS" missed="0" covered="1"/></sourcefile><counter type="INSTRUCTION" missed="68" covered="456"/><counter type="BRANCH" missed="21" covered="31"/><counter type="LINE" missed="13" covered="62"/><counter type="COMPLEXITY" missed="19" covered="16"/><counter type="METHOD" missed="0" covered="9"/><counter type="CLASS" missed="0" covered="1"/></package><package name="com/cms/hospice/pricing"><class name="com/cms/hospice/pricing/RhcSplitCalculator" sourcefilename="RhcSplitCalculator.java"><method name="calculate" desc="(Lcom/cms/hospice/model/FiscalYearRates;Lcom/cms/hospice/model/HospiceClaim;Ljava/time/LocalDate;IZ)Lcom/cms/hospice/model/RhcSplitResult;" line="45"><counter type="INSTRUCTION" missed="0" covered="93"/><counter type="BRANCH" missed="0" covered="4"/><counter type="LINE" missed="0" covered="22"/><counter type="COMPLEXITY" missed="0" covered="3"/><counter type="METHOD" missed="0" covered="1"/></method><method name="computePriorSvcDays" desc="(Lcom/cms/hospice/model/HospiceClaim;Ljava/time/LocalDate;)I" line="88"><counter type="INSTRUCTION" missed="0" covered="19"/><counter type="BRANCH" missed="0" covered="2"/><counter type="LINE" missed="0" covered="3"/><counter type="COMPLEXITY" missed="0" covered="2"/><counter type="METHOD" missed="0" covered="1"/></method><counter type="INSTRUCTION" missed="0" covered="112"/><counter type="BRANCH" missed="0" covered="6"/><counter type="LINE" missed="0" covered="25"/><counter type="COMPLEXITY" missed="0" covered="5"/><counter type="METHOD" missed="0" covered="2"/><counter type="CLASS" missed="0" covered="1"/></class><class name="com/cms/hospice/pricing/FiscalYearStrategy" sourcefilename="FiscalYearStrategy.java"/><class name="com/cms/hospice/pricing/PaymentCalculator" sourcefilename="PaymentCalculator.java"><method name="perDiem" desc="(Ljava/math/BigDecimal;Ljava/math/BigDecimal;Ljava/math/BigDecimal;I)Ljava/math/BigDecimal;" line="39"><counter type="INSTRUCTION" missed="0" covered="15"/><counter type="LINE" missed="0" covered="3"/><counter type="COMPLEXITY" missed="0" covered="1"/><counter type="METHOD" missed="0" covered="1"/></method><method name="chcHourly" desc="(Ljava/math/BigDecimal;Ljava/math/BigDecimal;Ljava/math/BigDecimal;I)Ljava/math/BigDecimal;" line="59"><counter type="INSTRUCTION" missed="0" covered="21"/><counter type="LINE" missed="0" covered="4"/><counter type="COMPLEXITY" missed="0" covered="1"/><counter type="METHOD" missed="0" covered="1"/></method><method name="chcFromQuarters" desc="(Ljava/math/BigDecimal;Ljava/math/BigDecimal;Ljava/math/BigDecimal;I)Ljava/math/BigDecimal;" line="80"><counter type="INSTRUCTION" missed="0" covered="27"/><counter type="LINE" missed="0" covered="4"/><counter type="COMPLEXITY" missed="0" covered="1"/><counter type="METHOD" missed="0" covered="1"/></method><method name="siaHourlyRate" desc="(Ljava/math/BigDecimal;Ljava/math/BigDecimal;Ljava/math/BigDecimal;)Ljava/math/BigDecimal;" line="95"><counter type="INSTRUCTION" missed="0" covered="12"/><counter type="LINE" missed="0" covered="2"/><counter type="COMPLEXITY" missed="0" covered="1"/><counter type="METHOD" missed="0" covered="1"/></method><method name="eolUnitsToHours" desc="(I)Ljava/math/BigDecimal;" line="109"><counter type="INSTRUCTION" missed="0" covered="16"/><counter type="BRANCH" missed="0" covered="2"/><counter type="LINE" missed="0" covered="4"/><counter type="COMPLEXITY" missed="0" covered="2"/><counter type="METHOD" missed="0" covered="1"/></method><method name="&lt;clinit&gt;" desc="()V" line="17"><counter type="INSTRUCTION" missed="0" covered="13"/><counter type="LINE" missed="0" covered="3"/><counter type="COMPLEXITY" missed="0" covered="1"/><counter type="METHOD" missed="0" covered="1"/></method><counter type="INSTRUCTION" missed="0" covered="104"/><counter type="BRANCH" missed="0" covered="2"/><counter type="LINE" missed="0" covered="20"/><counter type="COMPLEXITY" missed="0" covered="7"/><counter type="METHOD" missed="0" covered="6"/><counter type="CLASS" missed="0" covered="1"/></class><class name="com/cms/hospice/pricing/ModernPricerStrategy" sourcefilename="ModernPricerStrategy.java"><method name="&lt;init&gt;" desc="()V" line="20"><counter type="INSTRUCTION" missed="0" covered="3"/><counter type="LINE" missed="0" covered="1"/><counter type="COMPLEXITY" missed="0" covered="1"/><counter type="METHOD" missed="0" covered="1"/></method><method name="calculate" desc="(Lcom/cms/hospice/model/HospiceClaim;Lcom/cms/hospice/model/FiscalYearRates;)Lcom/cms/hospice/model/PricingResult;" line="24"><counter type="INSTRUCTION" missed="15" covered="136"/><counter type="BRANCH" missed="10" covered="18"/><counter type="LINE" missed="4" covered="30"/><counter type="COMPLEXITY" missed="10" covered="5"/><counter type="METHOD" missed="0" covered="1"/></method><method name="anyUnitOver1000" desc="(Lcom/cms/hospice/model/HospiceClaim;)Z" line="81"><counter type="INSTRUCTION" missed="2" covered="22"/><counter type="BRANCH" missed="4" covered="4"/><counter type="LINE" missed="0" covered="4"/><counter type="COMPLEXITY" missed="4" covered="1"/><counter type="METHOD" missed="0" covered="1"/></method><method name="unitOver1000" desc="(Lcom/cms/hospice/model/RevenueLineItem;)Z" line="88"><counter type="INSTRUCTION" missed="2" covered="8"/><counter type="BRANCH" missed="1" covered="3"/><counter type="LINE" missed="0" covered="1"/><counter type="COMPLEXITY" missed="1" covered="2"/><counter type="METHOD" missed="0" covered="1"/></method><counter type="INSTRUCTION" missed="19" covered="169"/><counter type="BRANCH" missed="15" covered="25"/><counter type="LINE" missed="4" covered="36"/><counter type="COMPLEXITY" missed="15" covered="9"/><counter type="METHOD" missed="0" covered="4"/><counter type="CLASS" missed="0" covered="1"/></class><class name="com/cms/hospice/pricing/FullPricerStrategy" sourcefilename="FullPricerStrategy.java"><method name="&lt;init&gt;" desc="()V" line="26"><counter type="INSTRUCTION" missed="0" covered="3"/><counter type="LINE" missed="0" covered="1"/><counter type="COMPLEXITY" missed="0" covered="1"/><counter type="METHOD" missed="0" covered="1"/></method><method name="calculate" desc="(Lcom/cms/hospice/model/HospiceClaim;Lcom/cms/hospice/model/FiscalYearRates;)Lcom/cms/hospice/model/PricingResult;" line="30"><counter type="INSTRUCTION" missed="17" covered="250"/><counter type="BRANCH" missed="14" covered="40"/><counter type="LINE" missed="5" covered="64"/><counter type="COMPLEXITY" missed="14" covered="14"/><counter type="METHOD" missed="0" covered="1"/></method><method name="anyUnitOver1000" desc="(Lcom/cms/hospice/model/HospiceClaim;)Z" line="142"><counter type="INSTRUCTION" missed="0" covered="24"/><counter type="BRANCH" missed="2" covered="6"/><counter type="LINE" missed="0" covered="4"/><counter type="COMPLEXITY" missed="2" covered="3"/><counter type="METHOD" missed="0" covered="1"/></method><method name="unitOver1000" desc="(Lcom/cms/hospice/model/RevenueLineItem;)Z" line="149"><counter type="INSTRUCTION" missed="0" covered="10"/><counter type="BRANCH" missed="0" covered="4"/><counter type="LINE" missed="0" covered="1"/><counter type="COMPLEXITY" missed="0" covered="3"/><counter type="METHOD" missed="0" covered="1"/></method><counter type="INSTRUCTION" missed="17" covered="287"/><counter type="BRANCH" missed="16" covered="50"/><counter type="LINE" missed="5" covered="70"/><counter type="COMPLEXITY" missed="16" covered="21"/><counter type="METHOD" missed="0" covered="4"/><counter type="CLASS" missed="0" covered="1"/></class><class name="com/cms/hospice/pricing/SiaCalculator" sourcefilename="SiaCalculator.java"><method name="calculate" desc="(Lcom/cms/hospice/model/FiscalYearRates;Ljava/math/BigDecimal;[IZ)Lcom/cms/hospice/model/SiaResult;" line="43"><counter type="INSTRUCTION" missed="0" covered="87"/><counter type="BRANCH" missed="0" covered="10"/><counter type="LINE" missed="0" covered="22"/><counter type="COMPLEXITY" missed="0" covered="6"/><counter type="METHOD" missed="0" covered="1"/></method><method name="safeArray" desc="([I)[I" line="78"><counter type="INSTRUCTION" missed="0" covered="16"/><counter type="BRANCH" missed="0" covered="2"/><counter type="LINE" missed="0" covered="4"/><counter type="COMPLEXITY" missed="0" covered="2"/><counter type="METHOD" missed="0" covered="1"/></method><counter type="INSTRUCTION" missed="0" covered="103"/><counter type="BRANCH" missed="0" covered="12"/><counter type="LINE" missed="0" covered="26"/><counter type="COMPLEXITY" missed="0" covered="8"/><counter type="METHOD" missed="0" covered="2"/><counter type="CLASS" missed="0" covered="1"/></class><class name="com/cms/hospice/pricing/TransitionPricerStrategy" sourcefilename="TransitionPricerStrategy.java"><method name="&lt;init&gt;" desc="()V" line="26"><counter type="INSTRUCTION" missed="0" covered="3"/><counter type="LINE" missed="0" covered="1"/><counter type="COMPLEXITY" missed="0" covered="1"/><counter type="METHOD" missed="0" covered="1"/></method><method name="calculate" desc="(Lcom/cms/hospice/model/HospiceClaim;Lcom/cms/hospice/model/FiscalYearRates;)Lcom/cms/hospice/model/PricingResult;" line="30"><counter type="INSTRUCTION" missed="35" covered="103"/><counter type="BRANCH" missed="15" covered="13"/><counter type="LINE" missed="7" covered="26"/><counter type="COMPLEXITY" missed="11" covered="4"/><counter type="METHOD" missed="0" covered="1"/></method><method name="anyUnitOver1000" desc="(Lcom/cms/hospice/model/HospiceClaim;)Z" line="85"><counter type="INSTRUCTION" missed="2" covered="22"/><counter type="BRANCH" missed="4" covered="4"/><counter type="LINE" missed="0" covered="4"/><counter type="COMPLEXITY" missed="4" covered="1"/><counter type="METHOD" missed="0" covered="1"/></method><method name="unitOver1000" desc="(Lcom/cms/hospice/model/RevenueLineItem;)Z" line="92"><counter type="INSTRUCTION" missed="2" covered="8"/><counter type="BRANCH" missed="1" covered="3"/><counter type="LINE" missed="0" covered="1"/><counter type="COMPLEXITY" missed="1" covered="2"/><counter type="METHOD" missed="0" covered="1"/></method><counter type="INSTRUCTION" missed="39" covered="136"/><counter type="BRANCH" missed="20" covered="20"/><counter type="LINE" missed="7" covered="32"/><counter type="COMPLEXITY" missed="16" covered="8"/><counter type="METHOD" missed="0" covered="4"/><counter type="CLASS" missed="0" covered="1"/></class><class name="com/cms/hospice/pricing/SimplePricerStrategy" sourcefilename="SimplePricerStrategy.java"><method name="&lt;init&gt;" desc="()V" line="31"><counter type="INSTRUCTION" missed="0" covered="3"/><counter type="LINE" missed="0" covered="1"/><counter type="COMPLEXITY" missed="0" covered="1"/><counter type="METHOD" missed="0" covered="1"/></method><method name="calculate" desc="(Lcom/cms/hospice/model/HospiceClaim;Lcom/cms/hospice/model/FiscalYearRates;)Lcom/cms/hospice/model/PricingResult;" line="36"><counter type="INSTRUCTION" missed="16" covered="120"/><counter type="BRANCH" missed="12" covered="20"/><counter type="LINE" missed="3" covered="28"/><counter type="COMPLEXITY" missed="10" covered="7"/><counter type="METHOD" missed="0" covered="1"/></method><method name="anyUnitOver1000" desc="(Lcom/cms/hospice/model/HospiceClaim;)Z" line="88"><counter type="INSTRUCTION" missed="0" covered="24"/><counter type="BRANCH" missed="3" covered="5"/><counter type="LINE" missed="0" covered="4"/><counter type="COMPLEXITY" missed="3" covered="2"/><counter type="METHOD" missed="0" covered="1"/></method><method name="unitOver1000" desc="(Lcom/cms/hospice/model/RevenueLineItem;)Z" line="95"><counter type="INSTRUCTION" missed="0" covered="10"/><counter type="BRANCH" missed="0" covered="4"/><counter type="LINE" missed="0" covered="1"/><counter type="COMPLEXITY" missed="0" covered="3"/><counter type="METHOD" missed="0" covered="1"/></method><counter type="INSTRUCTION" missed="16" covered="157"/><counter type="BRANCH" missed="15" covered="29"/><counter type="LINE" missed="3" covered="34"/><counter type="COMPLEXITY" missed="13" covered="13"/><counter type="METHOD" missed="0" covered="4"/><counter type="CLASS" missed="0" covered="1"/></class><sourcefile name="SiaCalculator.java"><line nr="43" mi="0" ci="3" mb="0" cb="0"/><line nr="45" mi="0" ci="2" mb="0" cb="0"/><line nr="46" mi="0" ci="16" mb="0" cb="2"/><line nr="47" mi="0" ci="2" mb="0" cb="2"/><line nr="48" mi="0" ci="2" mb="0" cb="0"/><line nr="49" mi="0" ci="1" mb="0" cb="0"/><line nr="52" mi="0" ci="2" mb="0" cb="2"/><line nr="53" mi="0" ci="2" mb="0" cb="0"/><line nr="56" mi="0" ci="4" mb="0" cb="0"/><line nr="57" mi="0" ci="5" mb="0" cb="0"/><line nr="59" mi="0" ci="3" mb="0" cb="0"/><line nr="60" mi="0" ci="2" mb="0" cb="0"/><line nr="62" mi="0" ci="7" mb="0" cb="2"/><line nr="63" mi="0" ci="4" mb="0" cb="2"/><line nr="64" mi="0" ci="5" mb="0" cb="0"/><line nr="65" mi="0" ci="5" mb="0" cb="0"/><line nr="66" mi="0" ci="2" mb="0" cb="0"/><line nr="67" mi="0" ci="4" mb="0" cb="0"/><line nr="68" mi="0" ci="4" mb="0" cb="0"/><line nr="69" mi="0" ci="1" mb="0" cb="0"/><line nr="70" mi="0" ci="4" mb="0" cb="0"/><line nr="74" mi="0" ci="7" mb="0" cb="0"/><line nr="78" mi="0" ci="3" mb="0" cb="0"/><line nr="79" mi="0" ci="2" mb="0" cb="2"/><line nr="80" mi="0" ci="9" mb="0" cb="0"/><line nr="82" mi="0" ci="2" mb="0" cb="0"/><counter type="INSTRUCTION" missed="0" covered="103"/><counter type="BRANCH" missed="0" covered="12"/><counter type="LINE" missed="0" covered="26"/><counter type="COMPLEXITY" missed="0" covered="8"/><counter type="METHOD" missed="0" covered="2"/><counter type="CLASS" missed="0" covered="1"/></sourcefile><sourcefile name="FullPricerStrategy.java"><line nr="26" mi="0" ci="3" mb="0" cb="0"/><line nr="30" mi="0" ci="4" mb="0" cb="2"/><line nr="31" mi="0" ci="3" mb="0" cb="0"/><line nr="34" mi="0" ci="3" mb="0" cb="0"/><line nr="36" mi="0" ci="2" mb="0" cb="0"/><line nr="37" mi="0" ci="2" mb="0" cb="0"/><line nr="38" mi="0" ci="2" mb="0" cb="0"/><line nr="39" mi="0" ci="2" mb="0" cb="0"/><line nr="41" mi="0" ci="2" mb="0" cb="0"/><line nr="42" mi="0" ci="2" mb="0" cb="0"/><line nr="43" mi="0" ci="2" mb="0" cb="0"/><line nr="44" mi="0" ci="2" mb="0" cb="0"/><line nr="47" mi="0" ci="3" mb="0" cb="0"/><line nr="48" mi="0" ci="9" mb="2" cb="4"/><line nr="49" mi="0" ci="3" mb="1" cb="1"/><line nr="50" mi="0" ci="5" mb="1" cb="1"/><line nr="52" mi="0" ci="5" mb="0" cb="0"/><line nr="53" mi="0" ci="4" mb="0" cb="0"/><line nr="54" mi="0" ci="3" mb="0" cb="0"/><line nr="55" mi="0" ci="3" mb="0" cb="2"/><line nr="56" mi="0" ci="2" mb="0" cb="0"/><line nr="57" mi="0" ci="5" mb="0" cb="0"/><line nr="59" mi="0" ci="3" mb="0" cb="2"/><line nr="60" mi="0" ci="2" mb="0" cb="0"/><line nr="61" mi="0" ci="5" mb="0" cb="0"/><line nr="66" mi="0" ci="3" mb="0" cb="0"/><line nr="67" mi="0" ci="8" mb="2" cb="4"/><line nr="68" mi="0" ci="4" mb="0" cb="2"/><line nr="70" mi="0" ci="3" mb="0" cb="0"/><line nr="71" mi="0" ci="2" mb="1" cb="1"/><line nr="72" mi="0" ci="4" mb="0" cb="0"/><line nr="73" mi="1" ci="1" mb="0" cb="0"/><line nr="75" mi="0" ci="3" mb="1" cb="1"/><line nr="76" mi="0" ci="4" mb="0" cb="0"/><line nr="77" mi="0" ci="5" mb="0" cb="0"/><line nr="78" mi="0" ci="2" mb="0" cb="0"/><line nr="79" mi="0" ci="2" mb="0" cb="0"/><line nr="80" mi="0" ci="2" mb="0" cb="0"/><line nr="82" mi="4" ci="0" mb="0" cb="0"/><line nr="83" mi="5" ci="0" mb="0" cb="0"/><line nr="84" mi="2" ci="0" mb="0" cb="0"/><line nr="85" mi="2" ci="0" mb="0" cb="0"/><line nr="86" mi="1" ci="0" mb="0" cb="0"/><line nr="88" mi="0" ci="1" mb="0" cb="0"/><line nr="89" mi="0" ci="4" mb="0" cb="0"/><line nr="90" mi="0" ci="5" mb="0" cb="0"/><line nr="91" mi="0" ci="3" mb="0" cb="0"/><line nr="96" mi="0" ci="3" mb="0" cb="0"/><line nr="97" mi="0" ci="8" mb="2" cb="4"/><line nr="98" mi="0" ci="4" mb="0" cb="0"/><line nr="99" mi="0" ci="5" mb="0" cb="0"/><line nr="100" mi="0" ci="3" mb="0" cb="0"/><line nr="104" mi="0" ci="3" mb="0" cb="0"/><line nr="105" mi="0" ci="8" mb="2" cb="4"/><line nr="106" mi="0" ci="4" mb="0" cb="0"/><line nr="107" mi="0" ci="5" mb="0" cb="0"/><line nr="108" mi="0" ci="3" mb="0" cb="0"/><line nr="112" mi="0" ci="2" mb="0" cb="0"/><line nr="113" mi="0" ci="3" mb="1" cb="1"/><line nr="114" mi="0" ci="6" mb="0" cb="0"/><line nr="115" mi="0" ci="2" mb="0" cb="0"/><line nr="118" mi="0" ci="11" mb="0" cb="0"/><line nr="124" mi="0" ci="4" mb="0" cb="4"/><line nr="125" mi="0" ci="3" mb="0" cb="0"/><line nr="126" mi="0" ci="3" mb="0" cb="2"/><line nr="127" mi="0" ci="7" mb="0" cb="2"/><line nr="129" mi="0" ci="6" mb="0" cb="2"/><line nr="132" mi="2" ci="7" mb="1" cb="1"/><line nr="134" mi="0" ci="9" mb="0" cb="0"/><line nr="135" mi="0" ci="7" mb="0" cb="0"/><line nr="142" mi="0" ci="8" mb="0" cb="2"/><line nr="143" mi="0" ci="5" mb="1" cb="1"/><line nr="144" mi="0" ci="5" mb="0" cb="2"/><line nr="145" mi="0" ci="6" mb="1" cb="1"/><line nr="149" mi="0" ci="10" mb="0" cb="4"/><counter type="INSTRUCTION" missed="17" covered="287"/><counter type="BRANCH" missed="16" covered="50"/><counter type="LINE" missed="5" covered="70"/><counter type="COMPLEXITY" missed="16" covered="21"/><counter type="METHOD" missed="0" covered="4"/><counter type="CLASS" missed="0" covered="1"/></sourcefile><sourcefile name="TransitionPricerStrategy.java"><line nr="26" mi="0" ci="3" mb="0" cb="0"/><line nr="30" mi="0" ci="4" mb="1" cb="1"/><line nr="31" mi="3" ci="0" mb="0" cb="0"/><line nr="34" mi="0" ci="2" mb="0" cb="0"/><line nr="35" mi="0" ci="2" mb="0" cb="0"/><line nr="36" mi="0" ci="2" mb="0" cb="0"/><line nr="37" mi="0" ci="2" mb="0" cb="0"/><line nr="39" mi="0" ci="3" mb="0" cb="0"/><line nr="40" mi="0" ci="8" mb="2" cb="4"/><line nr="41" mi="0" ci="3" mb="0" cb="0"/><line nr="42" mi="0" ci="4" mb="0" cb="0"/><line nr="43" mi="0" ci="3" mb="0" cb="0"/><line nr="46" mi="0" ci="3" mb="0" cb="0"/><line nr="47" mi="0" ci="8" mb="2" cb="4"/><line nr="48" mi="0" ci="4" mb="0" cb="2"/><line nr="50" mi="0" ci="4" mb="0" cb="0"/><line nr="51" mi="0" ci="4" mb="0" cb="0"/><line nr="52" mi="0" ci="2" mb="0" cb="0"/><line nr="54" mi="0" ci="3" mb="0" cb="0"/><line nr="55" mi="0" ci="4" mb="0" cb="0"/><line nr="56" mi="0" ci="3" mb="0" cb="0"/><line nr="60" mi="0" ci="3" mb="0" cb="0"/><line nr="61" mi="6" ci="2" mb="5" cb="1"/><line nr="62" mi="3" ci="0" mb="0" cb="0"/><line nr="63" mi="4" ci="0" mb="0" cb="0"/><line nr="64" mi="3" ci="0" mb="0" cb="0"/><line nr="67" mi="0" ci="3" mb="0" cb="0"/><line nr="68" mi="6" ci="2" mb="5" cb="1"/><line nr="69" mi="3" ci="0" mb="0" cb="0"/><line nr="70" mi="4" ci="0" mb="0" cb="0"/><line nr="71" mi="3" ci="0" mb="0" cb="0"/><line nr="74" mi="0" ci="8" mb="0" cb="0"/><line nr="76" mi="0" ci="9" mb="0" cb="0"/><line nr="78" mi="0" ci="8" mb="0" cb="0"/><line nr="85" mi="0" ci="8" mb="1" cb="1"/><line nr="86" mi="0" ci="5" mb="1" cb="1"/><line nr="87" mi="0" ci="5" mb="1" cb="1"/><line nr="88" mi="2" ci="4" mb="1" cb="1"/><line nr="92" mi="2" ci="8" mb="1" cb="3"/><counter type="INSTRUCTION" missed="39" covered="136"/><counter type="BRANCH" missed="20" covered="20"/><counter type="LINE" missed="7" covered="32"/><counter type="COMPLEXITY" missed="16" covered="8"/><counter type="METHOD" missed="0" covered="4"/><counter type="CLASS" missed="0" covered="1"/></sourcefile><sourcefile name="RhcSplitCalculator.java"><line nr="45" mi="0" ci="4" mb="0" cb="0"/><line nr="47" mi="0" ci="3" mb="0" cb="2"/><line nr="49" mi="0" ci="4" mb="0" cb="0"/><line nr="50" mi="0" ci="5" mb="0" cb="0"/><line nr="51" mi="0" ci="2" mb="0" cb="0"/><line nr="52" mi="0" ci="9" mb="0" cb="0"/><line nr="55" mi="0" ci="4" mb="0" cb="0"/><line nr="57" mi="0" ci="3" mb="0" cb="2"/><line nr="59" mi="0" ci="4" mb="0" cb="0"/><line nr="60" mi="0" ci="5" mb="0" cb="0"/><line nr="61" mi="0" ci="2" mb="0" cb="0"/><line nr="62" mi="0" ci="9" mb="0" cb="0"/><line nr="66" mi="0" ci="2" mb="0" cb="0"/><line nr="67" mi="0" ci="4" mb="0" cb="0"/><line nr="69" mi="0" ci="4" mb="0" cb="0"/><line nr="70" mi="0" ci="5" mb="0" cb="0"/><line nr="71" mi="0" ci="2" mb="0" cb="0"/><line nr="72" mi="0" ci="4" mb="0" cb="0"/><line nr="73" mi="0" ci="5" mb="0" cb="0"/><line nr="74" mi="0" ci="2" mb="0" cb="0"/><line nr="76" mi="0" ci="9" mb="0" cb="0"/><line nr="77" mi="0" ci="2" mb="0" cb="0"/><line nr="88" mi="0" ci="6" mb="0" cb="0"/><line nr="89" mi="0" ci="8" mb="0" cb="2"/><line nr="90" mi="0" ci="5" mb="0" cb="0"/><counter type="INSTRUCTION" missed="0" covered="112"/><counter type="BRANCH" missed="0" covered="6"/><counter type="LINE" missed="0" covered="25"/><counter type="COMPLEXITY" missed="0" covered="5"/><counter type="METHOD" missed="0" covered="2"/><counter type="CLASS" missed="0" covered="1"/></sourcefile><sourcefile name="SimplePricerStrategy.java"><line nr="31" mi="0" ci="3" mb="0" cb="0"/><line nr="36" mi="0" ci="4" mb="0" cb="2"/><line nr="37" mi="0" ci="3" mb="0" cb="0"/><line nr="40" mi="0" ci="3" mb="0" cb="0"/><line nr="41" mi="0" ci="9" mb="1" cb="5"/><line nr="42" mi="0" ci="3" mb="0" cb="0"/><line nr="45" mi="0" ci="2" mb="0" cb="0"/><line nr="46" mi="0" ci="2" mb="0" cb="0"/><line nr="47" mi="0" ci="2" mb="0" cb="0"/><line nr="48" mi="0" ci="2" mb="0" cb="0"/><line nr="50" mi="0" ci="3" mb="0" cb="0"/><line nr="51" mi="0" ci="8" mb="2" cb="4"/><line nr="52" mi="0" ci="3" mb="0" cb="0"/><line nr="53" mi="0" ci="4" mb="0" cb="0"/><line nr="54" mi="0" ci="3" mb="0" cb="0"/><line nr="57" mi="0" ci="8" mb="2" cb="4"/><line nr="58" mi="0" ci="3" mb="0" cb="0"/><line nr="59" mi="0" ci="4" mb="0" cb="0"/><line nr="60" mi="0" ci="3" mb="0" cb="0"/><line nr="63" mi="0" ci="3" mb="0" cb="0"/><line nr="64" mi="0" ci="8" mb="2" cb="4"/><line nr="65" mi="0" ci="3" mb="0" cb="0"/><line nr="66" mi="0" ci="4" mb="0" cb="0"/><line nr="67" mi="0" ci="3" mb="0" cb="0"/><line nr="70" mi="0" ci="3" mb="0" cb="0"/><line nr="71" mi="6" ci="2" mb="5" cb="1"/><line nr="72" mi="3" ci="0" mb="0" cb="0"/><line nr="73" mi="4" ci="0" mb="0" cb="0"/><line nr="74" mi="3" ci="0" mb="0" cb="0"/><line nr="77" mi="0" ci="8" mb="0" cb="0"/><line nr="79" mi="0" ci="9" mb="0" cb="0"/><line nr="81" mi="0" ci="8" mb="0" cb="0"/><line nr="88" mi="0" ci="8" mb="0" cb="2"/><line nr="89" mi="0" ci="5" mb="1" cb="1"/><line nr="90" mi="0" ci="5" mb="1" cb="1"/><line nr="91" mi="0" ci="6" mb="1" cb="1"/><line nr="95" mi="0" ci="10" mb="0" cb="4"/><counter type="INSTRUCTION" missed="16" covered="157"/><counter type="BRANCH" missed="15" covered="29"/><counter type="LINE" missed="3" covered="34"/><counter type="COMPLEXITY" missed="13" covered="13"/><counter type="METHOD" missed="0" covered="4"/><counter type="CLASS" missed="0" covered="1"/></sourcefile><sourcefile name="ModernPricerStrategy.java"><line nr="20" mi="0" ci="3" mb="0" cb="0"/><line nr="24" mi="0" ci="4" mb="1" cb="1"/><line nr="25" mi="3" ci="0" mb="0" cb="0"/><line nr="28" mi="0" ci="3" mb="0" cb="0"/><line nr="30" mi="0" ci="2" mb="0" cb="0"/><line nr="31" mi="0" ci="2" mb="0" cb="0"/><line nr="32" mi="0" ci="2" mb="0" cb="0"/><line nr="33" mi="0" ci="2" mb="0" cb="0"/><line nr="35" mi="0" ci="3" mb="0" cb="0"/><line nr="36" mi="0" ci="8" mb="2" cb="4"/><line nr="37" mi="0" ci="4" mb="0" cb="0"/><line nr="38" mi="0" ci="5" mb="0" cb="0"/><line nr="39" mi="0" ci="3" mb="0" cb="0"/><line nr="42" mi="0" ci="3" mb="0" cb="0"/><line nr="43" mi="0" ci="8" mb="2" cb="4"/><line nr="44" mi="0" ci="4" mb="1" cb="1"/><line nr="46" mi="5" ci="0" mb="0" cb="0"/><line nr="47" mi="5" ci="0" mb="0" cb="0"/><line nr="48" mi="2" ci="0" mb="0" cb="0"/><line nr="50" mi="0" ci="4" mb="0" cb="0"/><line nr="51" mi="0" ci="5" mb="0" cb="0"/><line nr="52" mi="0" ci="3" mb="0" cb="0"/><line nr="56" mi="0" ci="3" mb="0" cb="0"/><line nr="57" mi="0" ci="8" mb="2" cb="4"/><line nr="58" mi="0" ci="4" mb="0" cb="0"/><line nr="59" mi="0" ci="5" mb="0" cb="0"/><line nr="60" mi="0" ci="3" mb="0" cb="0"/><line nr="63" mi="0" ci="3" mb="0" cb="0"/><line nr="64" mi="0" ci="8" mb="2" cb="4"/><line nr="65" mi="0" ci="4" mb="0" cb="0"/><line nr="66" mi="0" ci="5" mb="0" cb="0"/><line nr="67" mi="0" ci="3" mb="0" cb="0"/><line nr="70" mi="0" ci="8" mb="0" cb="0"/><line nr="72" mi="0" ci="9" mb="0" cb="0"/><line nr="74" mi="0" ci="8" mb="0" cb="0"/><line nr="81" mi="0" ci="8" mb="1" cb="1"/><line nr="82" mi="0" ci="5" mb="1" cb="1"/><line nr="83" mi="0" ci="5" mb="1" cb="1"/><line nr="84" mi="2" ci="4" mb="1" cb="1"/><line nr="88" mi="2" ci="8" mb="1" cb="3"/><counter type="INSTRUCTION" missed="19" covered="169"/><counter type="BRANCH" missed="15" covered="25"/><counter type="LINE" missed="4" covered="36"/><counter type="COMPLEXITY" missed="15" covered="9"/><counter type="METHOD" missed="0" covered="4"/><counter type="CLASS" missed="0" covered="1"/></sourcefile><sourcefile name="PaymentCalculator.java"><line nr="17" mi="0" ci="2" mb="0" cb="0"/><line nr="19" mi="0" ci="5" mb="0" cb="0"/><line nr="20" mi="0" ci="6" mb="0" cb="0"/><line nr="39" mi="0" ci="6" mb="0" cb="0"/><line nr="40" mi="0" ci="8" mb="0" cb="0"/><line nr="41" mi="0" ci="1" mb="0" cb="0"/><line nr="59" mi="0" ci="6" mb="0" cb="0"/><line nr="60" mi="0" ci="6" mb="0" cb="0"/><line nr="61" mi="0" ci="8" mb="0" cb="0"/><line nr="62" mi="0" ci="1" mb="0" cb="0"/><line nr="80" mi="0" ci="6" mb="0" cb="0"/><line nr="81" mi="0" ci="6" mb="0" cb="0"/><line nr="82" mi="0" ci="8" mb="0" cb="0"/><line nr="83" mi="0" ci="7" mb="0" cb="0"/><line nr="95" mi="0" ci="6" mb="0" cb="0"/><line nr="96" mi="0" ci="6" mb="0" cb="0"/><line nr="109" mi="0" ci="3" mb="0" cb="2"/><line nr="110" mi="0" ci="5" mb="0" cb="0"/><line nr="112" mi="0" ci="7" mb="0" cb="0"/><line nr="113" mi="0" ci="1" mb="0" cb="0"/><counter type="INSTRUCTION" missed="0" covered="104"/><counter type="BRANCH" missed="0" covered="2"/><counter type="LINE" missed="0" covered="20"/><counter type="COMPLEXITY" missed="0" covered="7"/><counter type="METHOD" missed="0" covered="6"/><counter type="CLASS" missed="0" covered="1"/></sourcefile><sourcefile name="FiscalYearStrategy.java"/><counter type="INSTRUCTION" missed="91" covered="1068"/><counter type="BRANCH" missed="66" covered="144"/><counter type="LINE" missed="19" covered="243"/><counter type="COMPLEXITY" missed="60" covered="71"/><counter type="METHOD" missed="0" covered="26"/><counter type="CLASS" missed="0" covered="7"/></package><package name="com/cms/hospice/api"><class name="com/cms/hospice/api/PricingResponse" sourcefilename="PricingResponse.java"><method name="&lt;init&gt;" desc="(Ljava/math/BigDecimal;Ljava/math/BigDecimal;Ljava/math/BigDecimal;Ljava/math/BigDecimal;Ljava/math/BigDecimal;Ljava/lang/String;IILjava/util/List;Ljava/math/BigDecimal;Ljava/math/BigDecimal;)V" line="15"><counter type="INSTRUCTION" missed="0" covered="36"/><counter type="LINE" missed="0" covered="1"/><counter type="COMPLEXITY" missed="0" covered="1"/><counter type="METHOD" missed="0" covered="1"/></method><method name="from" desc="(Lcom/cms/hospice/model/PricingResult;)Lcom/cms/hospice/api/PricingResponse;" line="52"><counter type="INSTRUCTION" missed="1" covered="33"/><counter type="BRANCH" missed="1" covered="1"/><counter type="LINE" missed="0" covered="14"/><counter type="COMPLEXITY" missed="1" covered="1"/><counter type="METHOD" missed="0" covered="1"/></method><counter type="INSTRUCTION" missed="1" covered="69"/><counter type="BRANCH" missed="1" covered="1"/><counter type="LINE" missed="0" covered="15"/><counter type="COMPLEXITY" missed="1" covered="2"/><counter type="METHOD" missed="0" covered="2"/><counter type="CLASS" missed="0" covered="1"/></class><class name="com/cms/hospice/api/PricingRequest$LineItemRequest" sourcefilename="PricingRequest.java"><method name="&lt;init&gt;" desc="(Ljava/lang/String;Ljava/lang/String;Ljava/lang/String;I)V" line="46"><counter type="INSTRUCTION" missed="0" covered="15"/><counter type="LINE" missed="0" covered="1"/><counter type="COMPLEXITY" missed="0" covered="1"/><counter type="METHOD" missed="0" covered="1"/></method><counter type="INSTRUCTION" missed="0" covered="15"/><counter type="LINE" missed="0" covered="1"/><counter type="COMPLEXITY" missed="0" covered="1"/><counter type="METHOD" missed="0" covered="1"/><counter type="CLASS" missed="0" covered="1"/></class><class name="com/cms/hospice/api/PricingRequest" sourcefilename="PricingRequest.java"><method name="&lt;init&gt;" desc="(Ljava/lang/String;Ljava/lang/String;Ljava/lang/String;Ljava/lang/String;Ljava/lang/String;Ljava/lang/String;IILjava/util/List;Ljava/lang/String;Ljava/util/List;)V" line="12"><counter type="INSTRUCTION" missed="0" covered="36"/><counter type="LINE" missed="0" covered="1"/><counter type="COMPLEXITY" missed="0" covered="1"/><counter type="METHOD" missed="0" covered="1"/></method><counter type="INSTRUCTION" missed="0" covered="36"/><counter type="LINE" missed="0" covered="1"/><counter type="COMPLEXITY" missed="0" covered="1"/><counter type="METHOD" missed="0" covered="1"/><counter type="CLASS" missed="0" covered="1"/></class><class name="com/cms/hospice/api/HospicePricerController$ErrorResponse" sourcefilename="HospicePricerController.java"><method name="&lt;init&gt;" desc="(Ljava/lang/String;Ljava/lang/String;)V" line="1"><counter type="INSTRUCTION" missed="0" covered="9"/><counter type="LINE" missed="0" covered="1"/><counter type="COMPLEXITY" missed="0" covered="1"/><counter type="METHOD" missed="0" covered="1"/></method><counter type="INSTRUCTION" missed="0" covered="9"/><counter type="LINE" missed="0" covered="1"/><counter type="COMPLEXITY" missed="0" covered="1"/><counter type="METHOD" missed="0" covered="1"/><counter type="CLASS" missed="0" covered="1"/></class><class name="com/cms/hospice/api/HospicePricerController" sourcefilename="HospicePricerController.java"><method name="&lt;clinit&gt;" desc="()V" line="31"><counter type="INSTRUCTION" missed="0" covered="7"/><counter type="LINE" missed="0" covered="2"/><counter type="COMPLEXITY" missed="0" covered="1"/><counter type="METHOD" missed="0" covered="1"/></method><method name="&lt;init&gt;" desc="(Lcom/cms/hospice/service/DriverService;)V" line="36"><counter type="INSTRUCTION" missed="0" covered="6"/><counter type="LINE" missed="0" covered="3"/><counter type="COMPLEXITY" missed="0" covered="1"/><counter type="METHOD" missed="0" covered="1"/></method><method name="price" desc="(Lcom/cms/hospice/api/PricingRequest;)Lorg/springframework/http/ResponseEntity;" line="49"><counter type="INSTRUCTION" missed="0" covered="13"/><counter type="LINE" missed="0" covered="3"/><counter type="COMPLEXITY" missed="0" covered="1"/><counter type="METHOD" missed="0" covered="1"/></method><method name="mapToClaim" desc="(Lcom/cms/hospice/api/PricingRequest;)Lcom/cms/hospice/model/HospiceClaim;" line="57"><counter type="INSTRUCTION" missed="14" covered="142"/><counter type="BRANCH" missed="10" covered="15"/><counter type="LINE" missed="3" covered="33"/><counter type="COMPLEXITY" missed="10" covered="5"/><counter type="METHOD" missed="0" covered="1"/></method><method name="parseDate" desc="(Ljava/lang/String;)Ljava/time/LocalDate;" line="107"><counter type="INSTRUCTION" missed="10" covered="10"/><counter type="BRANCH" missed="2" covered="2"/><counter type="LINE" missed="3" covered="2"/><counter type="COMPLEXITY" missed="2" covered="1"/><counter type="METHOD" missed="0" covered="1"/></method><method name="handleDateParseError" desc="(Ljava/lang/IllegalArgumentException;)Lorg/springframework/http/ResponseEntity;" line="120"><counter type="INSTRUCTION" missed="14" covered="0"/><counter type="LINE" missed="3" covered="0"/><counter type="COMPLEXITY" missed="1" covered="0"/><counter type="METHOD" missed="1" covered="0"/></method><method name="handleBadRequest" desc="(Ljava/lang/Exception;)Lorg/springframework/http/ResponseEntity;" line="127"><counter type="INSTRUCTION" missed="0" covered="13"/><counter type="LINE" missed="0" covered="3"/><counter type="COMPLEXITY" missed="0" covered="1"/><counter type="METHOD" missed="0" covered="1"/></method><method name="handleUnexpected" desc="(Ljava/lang/Exception;)Lorg/springframework/http/ResponseEntity;" line="134"><counter type="INSTRUCTION" missed="12" covered="0"/><counter type="LINE" missed="3" covered="0"/><counter type="COMPLEXITY" missed="1" covered="0"/><counter type="METHOD" missed="1" covered="0"/></method><counter type="INSTRUCTION" missed="50" covered="191"/><counter type="BRANCH" missed="12" covered="17"/><counter type="LINE" missed="12" covered="46"/><counter type="COMPLEXITY" missed="14" covered="10"/><counter type="METHOD" missed="2" covered="6"/><counter type="CLASS" missed="0" covered="1"/></class><sourcefile name="PricingResponse.java"><line nr="15" mi="0" ci="36" mb="0" cb="0"/><line nr="52" mi="0" ci="3" mb="1" cb="1"/><line nr="53" mi="0" ci="4" mb="0" cb="0"/><line nr="54" mi="1" ci="1" mb="0" cb="0"/><line nr="55" mi="0" ci="4" mb="0" cb="0"/><line nr="56" mi="0" ci="2" mb="0" cb="0"/><line nr="57" mi="0" ci="2" mb="0" cb="0"/><line nr="58" mi="0" ci="2" mb="0" cb="0"/><line nr="59" mi="0" ci="2" mb="0" cb="0"/><line nr="60" mi="0" ci="2" mb="0" cb="0"/><line nr="61" mi="0" ci="2" mb="0" cb="0"/><line nr="62" mi="0" ci="2" mb="0" cb="0"/><line nr="63" mi="0" ci="3" mb="0" cb="0"/><line nr="65" mi="0" ci="2" mb="0" cb="0"/><line nr="66" mi="0" ci="2" mb="0" cb="0"/><counter type="INSTRUCTION" missed="1" covered="69"/><counter type="BRANCH" missed="1" covered="1"/><counter type="LINE" missed="0" covered="15"/><counter type="COMPLEXITY" missed="1" covered="2"/><counter type="METHOD" missed="0" covered="2"/><counter type="CLASS" missed="0" covered="1"/></sourcefile><sourcefile name="HospicePricerController.java"><line nr="1" mi="0" ci="9" mb="0" cb="0"/><line nr="31" mi="0" ci="3" mb="0" cb="0"/><line nr="32" mi="0" ci="4" mb="0" cb="0"/><line nr="36" mi="0" ci="2" mb="0" cb="0"/><line nr="37" mi="0" ci="3" mb="0" cb="0"/><line nr="38" mi="0" ci="1" mb
[...]
"1"/></method><counter type="INSTRUCTION" missed="7" covered="95"/><counter type="BRANCH" missed="3" covered="7"/><counter type="LINE" missed="2" covered="19"/><counter type="COMPLEXITY" missed="4" covered="8"/><counter type="METHOD" missed="1" covered="6"/><counter type="CLASS" missed="0" covered="1"/></class><class name="com/cms/hospice/data/ProviderFileParser" sourcefilename="ProviderFileParser.java"><method name="&lt;init&gt;" desc="()V" line="44"><counter type="INSTRUCTION" missed="0" covered="3"/><counter type="LINE" missed="0" covered="1"/><counter type="COMPLEXITY" missed="0" covered="1"/><counter type="METHOD" missed="0" covered="1"/></method><method name="parse" desc="(Ljava/io/InputStream;)Ljava/util/List;" line="52"><counter type="INSTRUCTION" missed="9" covered="48"/><counter type="BRANCH" missed="0" covered="8"/><counter type="LINE" missed="2" covered="13"/><counter type="COMPLEXITY" missed="0" covered="5"/><counter type="METHOD" missed="0" covered="1"/></method><method name="parseRecord" desc="(Ljava/lang/String;)Lcom/cms/hospice/model/ProviderData;" line="78"><counter type="INSTRUCTION" missed="5" covered="68"/><counter type="BRANCH" missed="4" covered="4"/><counter type="LINE" missed="1" covered="13"/><counter type="COMPLEXITY" missed="3" covered="2"/><counter type="METHOD" missed="0" covered="1"/></method><method name="parseDate" desc="(Ljava/lang/String;)Ljava/time/LocalDate;" line="115"><counter type="INSTRUCTION" missed="3" covered="17"/><counter type="BRANCH" missed="2" covered="4"/><counter type="LINE" missed="2" covered="3"/><counter type="COMPLEXITY" missed="2" covered="2"/><counter type="METHOD" missed="0" covered="1"/></method><method name="&lt;clinit&gt;" desc="()V" line="46"><counter type="INSTRUCTION" missed="0" covered="7"/><counter type="LINE" missed="0" covered="2"/><counter type="COMPLEXITY" missed="0" covered="1"/><counter type="METHOD" missed="0" covered="1"/></method><counter type="INSTRUCTION" missed="17" covered="143"/><counter type="BRANCH" missed="6" covered="16"/><counter type="LINE" missed="5" covered="32"/><counter type="COMPLEXITY" missed="5" covered="11"/><counter type="METHOD" missed="0" covered="5"/><counter type="CLASS" missed="0" covered="1"/></class><class name="com/cms/hospice/data/CbsaFileParser" sourcefilename="CbsaFileParser.java"><method name="&lt;init&gt;" desc="()V" line="34"><counter type="INSTRUCTION" missed="0" covered="3"/><counter type="LINE" missed="0" covered="1"/><counter type="COMPLEXITY" missed="0" covered="1"/><counter type="METHOD" missed="0" covered="1"/></method><method name="parse" desc="(Ljava/io/InputStream;)Ljava/util/List;" line="40"><counter type="INSTRUCTION" missed="10" covered="79"/><counter type="BRANCH" missed="3" covered="9"/><counter type="LINE" missed="3" covered="17"/><counter type="COMPLEXITY" missed="3" covered="4"/><counter type="METHOD" missed="0" covered="1"/></method><method name="decodeWageIndex" desc="(Ljava/lang/String;)Ljava/math/BigDecimal;" line="78"><counter type="INSTRUCTION" missed="0" covered="32"/><counter type="BRANCH" missed="0" covered="2"/><counter type="LINE" missed="0" covered="6"/><counter type="COMPLEXITY" missed="0" covered="2"/><counter type="METHOD" missed="0" covered="1"/></method><method name="&lt;clinit&gt;" desc="()V" line="36"><counter type="INSTRUCTION" missed="0" covered="7"/><counter type="LINE" missed="0" covered="2"/><counter type="COMPLEXITY" missed="0" covered="1"/><counter type="METHOD" missed="0" covered="1"/></method><counter type="INSTRUCTION" missed="10" covered="121"/><counter type="BRANCH" missed="3" covered="11"/><counter type="LINE" missed="3" covered="26"/><counter type="COMPLEXITY" missed="3" covered="8"/><counter type="METHOD" missed="0" covered="4"/><counter type="CLASS" missed="0" covered="1"/></class><class name="com/cms/hospice/data/MsaFileParser" sourcefilename="MsaFileParser.java"><method name="&lt;init&gt;" desc="()V" line="33"><counter type="INSTRUCTION" missed="0" covered="3"/><counter type="LINE" missed="0" covered="1"/><counter type="COMPLEXITY" missed="0" covered="1"/><counter type="METHOD" missed="0" covered="1"/></method><method name="parse" desc="(Ljava/io/InputStream;)Ljava/util/List;" line="39"><counter type="INSTRUCTION" missed="11" covered="78"/><counter type="BRANCH" missed="5" covered="7"/><counter type="LINE" missed="4" covered="16"/><counter type="COMPLEXITY" missed="5" covered="2"/><counter type="METHOD" missed="0" covered="1"/></method><method name="&lt;clinit&gt;" desc="()V" line="35"><counter type="INSTRUCTION" missed="0" covered="7"/><counter type="LINE" missed="0" covered="2"/><counter type="COMPLEXITY" missed="0" covered="1"/><counter type="METHOD" missed="0" covered="1"/></method><counter type="INSTRUCTION" missed="11" covered="88"/><counter type="BRANCH" missed="5" covered="7"/><counter type="LINE" missed="4" covered="19"/><counter type="COMPLEXITY" missed="5" covered="4"/><counter type="METHOD" missed="0" covered="3"/><counter type="CLASS" missed="0" covered="1"/></class><class name="com/cms/hospice/data/WageIndexRepository" sourcefilename="WageIndexRepository.java"><method name="&lt;init&gt;" desc="()V" line="17"><counter type="INSTRUCTION" missed="0" covered="13"/><counter type="LINE" missed="0" covered="3"/><counter type="COMPLEXITY" missed="0" covered="1"/><counter type="METHOD" missed="0" covered="1"/></method><method name="loadCbsa" desc="(Ljava/util/List;)V" line="28"><counter type="INSTRUCTION" missed="0" covered="40"/><counter type="BRANCH" missed="0" covered="2"/><counter type="LINE" missed="0" covered="7"/><counter type="COMPLEXITY" missed="0" covered="2"/><counter type="METHOD" missed="0" covered="1"/></method><method name="loadMsa" desc="(Ljava/util/List;)V" line="37"><counter type="INSTRUCTION" missed="0" covered="40"/><counter type="BRANCH" missed="0" covered="2"/><counter type="LINE" missed="0" covered="7"/><counter type="COMPLEXITY" missed="0" covered="2"/><counter type="METHOD" missed="0" covered="1"/></method><method name="findCbsaWageIndex" desc="(Ljava/lang/String;Ljava/time/LocalDate;Ljava/time/LocalDate;Ljava/time/LocalDate;)Ljava/util/Optional;" line="53"><counter type="INSTRUCTION" missed="2" covered="49"/><counter type="BRANCH" missed="4" covered="8"/><counter type="LINE" missed="1" covered="12"/><counter type="COMPLEXITY" missed="4" covered="3"/><counter type="METHOD" missed="0" covered="1"/></method><method name="findMsaWageIndex" desc="(Ljava/lang/String;Ljava/time/LocalDate;)Ljava/util/Optional;" line="78"><counter type="INSTRUCTION" missed="41" covered="0"/><counter type="BRANCH" missed="8" covered="0"/><counter type="LINE" missed="10" covered="0"/><counter type="COMPLEXITY" missed="5" covered="0"/><counter type="METHOD" missed="1" covered="0"/></method><method name="normalizeCbsaCode" desc="(Ljava/lang/String;)Ljava/lang/String;" line="94"><counter type="INSTRUCTION" missed="2" covered="5"/><counter type="BRANCH" missed="1" covered="1"/><counter type="LINE" missed="1" covered="2"/><counter type="COMPLEXITY" missed="1" covered="1"/><counter type="METHOD" missed="0" covered="1"/></method><method name="normalizeMsaCode" desc="(Ljava/lang/String;)Ljava/lang/String;" line="100"><counter type="INSTRUCTION" missed="7" covered="0"/><counter type="BRANCH" missed="2" covered="0"/><counter type="LINE" missed="3" covered="0"/><counter type="COMPLEXITY" missed="2" covered="0"/><counter type="METHOD" missed="1" covered="0"/></method><method name="hasCbsaCode" desc="(Ljava/lang/String;)Z" line="106"><counter type="INSTRUCTION" missed="7" covered="0"/><counter type="LINE" missed="1" covered="0"/><counter type="COMPLEXITY" missed="1" covered="0"/><counter type="METHOD" missed="1" covered="0"/></method><method name="hasMsaCode" desc="(Ljava/lang/String;)Z" line="110"><counter type="INSTRUCTION" missed="7" covered="0"/><counter type="LINE" missed="1" covered="0"/><counter type="COMPLEXITY" missed="1" covered="0"/><counter type="METHOD" missed="1" covered="0"/></method><method name="lambda$loadMsa$3" desc="(Ljava/util/List;)V" line="41"><counter type="INSTRUCTION" missed="0" covered="5"/><counter type="LINE" missed="0" covered="1"/><counter type="COMPLEXITY" missed="0" covered="1"/><counter type="METHOD" missed="0" covered="1"/></method><method name="lambda$loadMsa$2" desc="(Ljava/lang/String;)Ljava/util/List;" line="39"><counter type="INSTRUCTION" missed="0" covered="4"/><counter type="LINE" missed="0" covered="1"/><counter type="COMPLEXITY" missed="0" covered="1"/><counter type="METHOD" missed="0" covered="1"/></method><method name="lambda$loadCbsa$1" desc="(Ljava/util/List;)V" line="32"><counter type="INSTRUCTION" missed="0" covered="5"/><counter type="LINE" missed="0" covered="1"/><counter type="COMPLEXITY" missed="0" covered="1"/><counter type="METHOD" missed="0" covered="1"/></method><method name="lambda$loadCbsa$0" desc="(Ljava/lang/String;)Ljava/util/List;" line="30"><counter type="INSTRUCTION" missed="0" covered="4"/><counter type="LINE" missed="0" covered="1"/><counter type="COMPLEXITY" missed="0" covered="1"/><counter type="METHOD" missed="0" covered="1"/></method><method name="&lt;clinit&gt;" desc="()V" line="19"><counter type="INSTRUCTION" missed="0" covered="4"/><counter type="LINE" missed="0" covered="1"/><counter type="COMPLEXITY" missed="0" covered="1"/><counter type="METHOD" missed="0" covered="1"/></method><counter type="INSTRUCTION" missed="66" covered="169"/><counter type="BRANCH" missed="15" covered="13"/><counter type="LINE" missed="17" covered="32"/><counter type="COMPLEXITY" missed="14" covered="14"/><counter type="METHOD" missed="4" covered="10"/><counter type="CLASS" missed="0" covered="1"/></class><sourcefile name="ProviderFileParser.java"><line nr="44" mi="0" ci="3" mb="0" cb="0"/><line nr="46" mi="0" ci="3" mb="0" cb="0"/><line nr="47" mi="0" ci="4" mb="0" cb="0"/><line nr="52" mi="0" ci="4" mb="0" cb="0"/><line nr="53" mi="0" ci="9" mb="0" cb="0"/><line nr="56" mi="0" ci="2" mb="0" cb="0"/><line nr="57" mi="0" ci="5" mb="0" cb="2"/><line nr="58" mi="0" ci="1" mb="0" cb="0"/><line nr="59" mi="0" ci="7" mb="0" cb="4"/><line nr="60" mi="0" ci="1" mb="0" cb="0"/><line nr="63" mi="0" ci="4" mb="0" cb="0"/><line nr="64" mi="0" ci="2" mb="0" cb="2"/><line nr="65" mi="0" ci="4" mb="0" cb="0"/><line nr="67" mi="1" ci="0" mb="0" cb="0"/><line nr="68" mi="7" ci="0" mb="0" cb="0"/><line nr="69" mi="1" ci="1" mb="0" cb="0"/><line nr="72" mi="0" ci="6" mb="0" cb="0"/><line nr="73" mi="0" ci="2" mb="0" cb="0"/><line nr="78" mi="0" ci="6" mb="0" cb="0"/><line nr="82" mi="0" ci="6" mb="0" cb="0"/><line nr="84" mi="3" ci="3" mb="3" cb="1"/><line nr="85" mi="2" ci="0" mb="0" cb="0"/><line nr="89" mi="0" ci="7" mb="0" cb="0"/><line nr="90" mi="0" ci="2" mb="0" cb="2"/><line nr="91" mi="0" ci="2" mb="0" cb="0"/><line nr="95" mi="0" ci="7" mb="0" cb="0"/><line nr="98" mi="0" ci="6" mb="0" cb="0"/><line nr="101" mi="0" ci="6" mb="0" cb="0"/><line nr="105" mi="0" ci="2" mb="0" cb="0"/><line nr="106" mi="0" ci="4" mb="1" cb="1"/><line nr="107" mi="0" ci="6" mb="0" cb="0"/><line nr="110" mi="0" ci="11" mb="0" cb="0"/><line nr="115" mi="0" ci="10" mb="2" cb="4"/><line nr="116" mi="0" ci="2" mb="0" cb="0"/><line nr="119" mi="0" ci="5" mb="0" cb="0"/><line nr="120" mi="1" ci="0" mb="0" cb="0"/><line nr="121" mi="2" ci="0" mb="0" cb="0"/><counter type="INSTRUCTION" missed="17" covered="143"/><counter type="BRANCH" missed="6" covered="16"/><counter type="LINE" missed="5" covered="32"/><counter type="COMPLEXITY" missed="5" covered="11"/><counter type="METHOD" missed="0" covered="5"/><counter type="CLASS" missed="0" covered="1"/></sourcefile><sourcefile name="ReferenceDataLoader.java"><line nr="23" mi="0" ci="4" mb="0" cb="0"/><line nr="44" mi="0" ci="2" mb="0" cb="0"/><line nr="45" mi="0" ci="3" mb="0" cb="0"/><line nr="46" mi="0" ci="3" mb="0" cb="0"/><line nr="47" mi="0" ci="3" mb="0" cb="0"/><line nr="48" mi="0" ci="3" mb="0" cb="0"/><line nr="49" mi="0" ci="3" mb="0" cb="0"/><line nr="50" mi="0" ci="1" mb="0" cb="0"/><line nr="54" mi="0" ci="3" mb="0" cb="0"/><line nr="56" mi="0" ci="7" mb="0" cb="0"/><line nr="57" mi="0" ci="4" mb="0" cb="0"/><line nr="59" mi="0" ci="7" mb="0" cb="0"/><line nr="60" mi="0" ci="4" mb="0" cb="0"/><line nr="62" mi="0" ci="7" mb="0" cb="0"/><line nr="63" mi="0" ci="4" mb="0" cb="0"/><line nr="65" mi="0" ci="8" mb="0" cb="0"/><line nr="66" mi="0" ci="15" mb="0" cb="0"/><line nr="67" mi="0" ci="1" mb="0" cb="0"/><counter type="INSTRUCTION" missed="0" covered="82"/><counter type="LINE" missed="0" covered="18"/><counter type="COMPLEXITY" missed="0" covered="3"/><counter type="METHOD" missed="0" covered="3"/><counter type="CLASS" missed="0" covered="1"/></sourcefile><sourcefile name="CbsaFileParser.java"><line nr="34" mi="0" ci="3" mb="0" cb="0"/><line nr="36" mi="0" ci="3" mb="0" cb="0"/><line nr="37" mi="0" ci="4" mb="0" cb="0"/><line nr="40" mi="0" ci="4" mb="0" cb="0"/><line nr="41" mi="0" ci="9" mb="0" cb="0"/><line nr="44" mi="0" ci="2" mb="0" cb="0"/><line nr="45" mi="0" ci="5" mb="0" cb="2"/><line nr="46" mi="0" ci="1" mb="0" cb="0"/><line nr="47" mi="0" ci="7" mb="0" cb="4"/><line nr="48" mi="0" ci="1" mb="0" cb="0"/><line nr="51" mi="0" ci="6" mb="0" cb="0"/><line nr="52" mi="0" ci="5" mb="0" cb="0"/><line nr="53" mi="0" ci="5" mb="0" cb="0"/><line nr="55" mi="0" ci="9" mb="3" cb="3"/><line nr="56" mi="1" ci="0" mb="0" cb="0"/><line nr="59" mi="0" ci="4" mb="0" cb="0"/><line nr="60" mi="0" ci="3" mb="0" cb="0"/><line nr="62" mi="0" ci="9" mb="0" cb="0"/><line nr="63" mi="1" ci="0" mb="0" cb="0"/><line nr="64" mi="7" ci="0" mb="0" cb="0"/><line nr="65" mi="1" ci="1" mb="0" cb="0"/><line nr="68" mi="0" ci="6" mb="0" cb="0"/><line nr="69" mi="0" ci="2" mb="0" cb="0"/><line nr="78" mi="0" ci="4" mb="0" cb="2"/><line nr="79" mi="0" ci="6" mb="0" cb="0"/><line nr="82" mi="0" ci="5" mb="0" cb="0"/><line nr="83" mi="0" ci="5" mb="0" cb="0"/><line nr="84" mi="0" ci="5" mb="0" cb="0"/><line nr="85" mi="0" ci="7" mb="0" cb="0"/><counter type="INSTRUCTION" missed="10" covered="121"/><counter type="BRANCH" missed="3" covered="11"/><counter type="LINE" missed="3" covered="26"/><counter type="COMPLEXITY" missed="3" covered="8"/><counter type="METHOD" missed="0" covered="4"/><counter type="CLASS" missed="0" covered="1"/></sourcefile><sourcefile name="WageIndexRepository.java"><line nr="17" mi="0" ci="2" mb="0" cb="0"/><line nr="19" mi="0" ci="4" mb="0" cb="0"/><line nr="22" mi="0" ci="5" mb="0" cb="0"/><line nr="25" mi="0" ci="6" mb="0" cb="0"/><line nr="28" mi="0" ci="3" mb="0" cb="0"/><line nr="29" mi="0" ci="10" mb="0" cb="2"/><line nr="30" mi="0" ci="14" mb="0" cb="0"/><line nr="31" mi="0" ci="1" mb="0" cb="0"/><line nr="32" mi="0" ci="10" mb="0" cb="0"/><line nr="33" mi="0" ci="10" mb="0" cb="0"/><line nr="34" mi="0" ci="1" mb="0" cb="0"/><line nr="37" mi="0" ci="3" mb="0" cb="0"/><line nr="38" mi="0" ci="10" mb="0" cb="2"/><line nr="39" mi="0" ci="14" mb="0" cb="0"/><line nr="40" mi="0" ci="1" mb="0" cb="0"/><line nr="41" mi="0" ci="10" mb="0" cb="0"/><line nr="42" mi="0" ci="10" mb="0" cb="0"/><line nr="43" mi="0" ci="1" mb="0" cb="0"/><line nr="53" mi="0" ci="4" mb="0" cb="0"/><line nr="54" mi="0" ci="6" mb="0" cb="0"/><line nr="55" mi="0" ci="5" mb="2" cb="2"/><line nr="56" mi="2" ci="0" mb="0" cb="0"/><line nr="59" mi="0" ci="2" mb="0" cb="0"/><line nr="60" mi="0" ci="10" mb="0" cb="2"/><line nr="61" mi="0" ci="3" mb="0" cb="0"/><line nr="63" mi="0" ci="6" mb="1" cb="1"/><line nr="64" mi="0" ci="4" mb="0" cb="2"/><line nr="65" mi="0" ci="2" mb="1" cb="1"/><line nr="66" mi="0" ci="3" mb="0" cb="0"/><line nr="68" mi="0" ci="1" mb="0" cb="0"/><line nr="69" mi="0" ci="3" mb="0" cb="0"/><line nr="78" mi="4" ci="0" mb="0" cb="0"/><line nr="79" mi="6" ci="0" mb="0" cb="0"/><line nr="80" mi="5" ci="0" mb="4" cb="0"/><line nr="81" mi="2" ci="0" mb="0" cb="0"/><line nr="84" mi="2" ci="0" mb="0" cb="0"/><line nr="85" mi="10" ci="0" mb="2" cb="0"/><line nr="86" mi="5" ci="0" mb="2" cb="0"/><line nr="87" mi="3" ci="0" mb="0" cb="0"/><line nr="89" mi="1" ci="0" mb="0" cb="0"/><line nr="90" mi="3" ci="0" mb="0" cb="0"/><line nr="94" mi="0" ci="2" mb="1" cb="1"/><line nr="95" mi="2" ci="0" mb="0" cb="0"/><line nr="96" mi="0" ci="3" mb="0" cb="0"/><line nr="100" mi="2" ci="0" mb="2" cb="0"/><line nr="101" mi="2" ci="0" mb="0" cb="0"/><line nr="102" mi="3" ci="0" mb="0" cb="0"/><line nr="106" mi="7" ci="0" mb="0" cb="0"/><line nr="110" mi="7" ci="0" mb="0" cb="0"/><counter type="INSTRUCTION" missed="66" covered="169"/><counter type="BRANCH" missed="15" covered="13"/><counter type="LINE" missed="17" covered="32"/><counter type="COMPLEXITY" missed="14" covered="14"/><counter type="METHOD" missed="4" covered="10"/><counter type="CLASS" missed="0" covered="1"/></sourcefile><sourcefile name="MsaFileParser.java"><line nr="33" mi="0" ci="3" mb="0" cb="0"/><line nr="35" mi="0" ci="3" mb="0" cb="0"/><line nr="36" mi="0" ci="4" mb="0" cb="0"/><line nr="39" mi="0" ci="4" mb="0" cb="0"/><line nr="40" mi="0" ci="9" mb="0" cb="0"/><line nr="43" mi="0" ci="2" mb="0" cb="0"/><line nr="44" mi="0" ci="5" mb="0" cb="2"/><line nr="45" mi="0" ci="1" mb="0" cb="0"/><line nr="46" mi="0" ci="7" mb="2" cb="2"/><line nr="47" mi="1" ci="0" mb="0" cb="0"/><line nr="50" mi="0" ci="6" mb="0" cb="0"/><line nr="52" mi="0" ci="5" mb="0" cb="0"/><line nr="53" mi="0" ci="5" mb="0" cb="0"/><line nr="55" mi="0" ci="9" mb="3" cb="3"/><line nr="56" mi="1" ci="0" mb="0" cb="0"/><line nr="59" mi="0" ci="4" mb="0" cb="0"/><line nr="60" mi="0" ci="3" mb="0" cb="0"/><line nr="62" mi="0" ci="9" mb="0" cb="0"/><line nr="63" mi="1" ci="0" mb="0" cb="0"/><line nr="64" mi="7" ci="0" mb="0" cb="0"/><line nr="65" mi="1" ci="1" mb="0" cb="0"/><line nr="68" mi="0" ci="6" mb="0" cb="0"/><line nr="69" mi="0" ci="2" mb="0" cb="0"/><counter type="INSTRUCTION" missed="11" covered="88"/><counter type="BRANCH" missed="5" covered="7"/><counter type="LINE" missed="4" covered="19"/><counter type="COMPLEXITY" missed="5" covered="4"/><counter type="METHOD" missed="0" covered="3"/><counter type="CLASS" missed="0" covered="1"/></sourcefile><sourcefile name="ProviderRepository.java"><line nr="16" mi="0" ci="2" mb="0" cb="0"/><line nr="18" mi="0" ci="4" mb="0" cb="0"/><line nr="21" mi="0" ci="6" mb="0" cb="0"/><line nr="24" mi="0" ci="3" mb="0" cb="0"/><line nr="25" mi="0" ci="10" mb="0" cb="2"/><line nr="26" mi="0" ci="14" mb="0" cb="0"/><line nr="27" mi="0" ci="1" mb="0" cb="0"/><line nr="28" mi="0" ci="10" mb="0" cb="0"/><line nr="29" mi="0" ci="5" mb="0" cb="0"/><line nr="30" mi="0" ci="5" mb="0" cb="0"/><line nr="31" mi="0" ci="1" mb="0" cb="0"/><line nr="38" mi="0" ci="6" mb="0" cb="0"/><line nr="39" mi="0" ci="5" mb="2" cb="2"/><line nr="40" mi="2" ci="0" mb="0" cb="0"/><line nr="43" mi="0" ci="2" mb="0" cb="0"/><line nr="44" mi="0" ci="10" mb="0" cb="2"/><line nr="45" mi="0" ci="5" mb="1" cb="1"/><line nr="46" mi="0" ci="2" mb="0" cb="0"/><line nr="48" mi="0" ci="1" mb="0" cb="0"/><line nr="49" mi="0" ci="3" mb="0" cb="0"/><line nr="57" mi="5" ci="0" mb="0" cb="0"/><counter type="INSTRUCTION" missed="7" covered="95"/><counter type="BRANCH" missed="3" covered="7"/><counter type="LINE" missed="2" covered="19"/><counter type="COMPLEXITY" missed="4" covered="8"/><counter type="METHOD" missed="1" covered="6"/><counter type="CLASS" missed="0" covered="1"/></sourcefile><counter type="INSTRUCTION" missed="111" covered="698"/><counter type="BRANCH" missed="32" covered="54"/><counter type="LINE" missed="31" covered="146"/><counter type="COMPLEXITY" missed="31" covered="48"/><counter type="METHOD" missed="5" covered="31"/><counter type="CLASS" missed="0" covered="6"/></package><counter type="INSTRUCTION" missed="503" covered="3639"/><counter type="BRANCH" missed="166" covered="321"/><counter type="LINE" missed="113" covered="685"/><counter type="COMPLEXITY" missed="160" covered="226"/><counter type="METHOD" missed="14" covered="127"/><counter type="CLASS" missed="0" covered="33"/></report>